{"C:\\Users\\Matteo\\Desktop\\SE2-Office-Queue-12\\code\\server\\index.ts": {"path":"C:\\Users\\Matteo\\Desktop\\SE2-Office-Queue-12\\code\\server\\index.ts","statementMap":{"0":{"start":{"line":1,"column":13},"end":{"line":1,"column":28}},"1":{"start":{"line":3,"column":0},"end":{"line":3,"column":30}},"2":{"start":{"line":4,"column":0},"end":{"line":4,"column":37}},"3":{"start":{"line":6,"column":0},"end":{"line":6,"column":28}},"4":{"start":{"line":8,"column":0},"end":{"line":8,"column":16}},"5":{"start":{"line":9,"column":33},"end":{"line":9,"column":42}},"6":{"start":{"line":25,"column":9},"end":{"line":25,"column":12}},"7":{"start":{"line":11,"column":21},"end":{"line":11,"column":25}},"8":{"start":{"line":13,"column":20},"end":{"line":16,"column":2}},"9":{"start":{"line":17,"column":0},"end":{"line":17,"column":27}},"10":{"start":{"line":18,"column":0},"end":{"line":18,"column":null}},"11":{"start":{"line":19,"column":0},"end":{"line":23,"column":null}},"12":{"start":{"line":20,"column":4},"end":{"line":22,"column":7}},"13":{"start":{"line":21,"column":8},"end":{"line":21,"column":68}}},"fnMap":{"0":{"name":"(anonymous_1)","decl":{"start":{"line":20,"column":21},"end":{"line":20,"column":24}},"loc":{"start":{"line":20,"column":26},"end":{"line":22,"column":5}}}},"branchMap":{"0":{"loc":{"start":{"line":19,"column":0},"end":{"line":23,"column":null}},"type":"if","locations":[{"start":{"line":19,"column":0},"end":{"line":23,"column":null}}]}},"s":{"0":1,"1":1,"2":1,"3":1,"4":1,"5":1,"6":1,"7":1,"8":1,"9":1,"10":1,"11":1,"12":0,"13":0},"f":{"0":0},"b":{"0":[0]}}
,"C:\\Users\\Matteo\\Desktop\\SE2-Office-Queue-12\\code\\server\\src\\helper.ts": {"path":"C:\\Users\\Matteo\\Desktop\\SE2-Office-Queue-12\\code\\server\\src\\helper.ts","statementMap":{"0":{"start":{"line":1,"column":29},"end":{"line":1,"column":57}},"1":{"start":{"line":17,"column":23},"end":{"line":17,"column":44}},"2":{"start":{"line":18,"column":8},"end":{"line":24,"column":null}},"3":{"start":{"line":19,"column":24},"end":{"line":19,"column":71}},"4":{"start":{"line":20,"column":12},"end":{"line":22,"column":null}},"5":{"start":{"line":21,"column":16},"end":{"line":21,"column":null}},"6":{"start":{"line":23,"column":12},"end":{"line":23,"column":null}},"7":{"start":{"line":25,"column":8},"end":{"line":25,"column":null}},"8":{"start":{"line":33,"column":8},"end":{"line":38,"column":null}},"9":{"start":{"line":34,"column":12},"end":{"line":37,"column":15}},"10":{"start":{"line":42,"column":0},"end":{"line":42,"column":null}}},"fnMap":{"0":{"name":"(anonymous_0)","decl":{"start":{"line":16,"column":4},"end":{"line":16,"column":19}},"loc":{"start":{"line":16,"column":49},"end":{"line":26,"column":5}}},"1":{"name":"(anonymous_1)","decl":{"start":{"line":20,"column":35},"end":{"line":20,"column":36}},"loc":{"start":{"line":20,"column":46},"end":{"line":22,"column":13}}},"2":{"name":"(anonymous_2)","decl":{"start":{"line":32,"column":4},"end":{"line":32,"column":10}},"loc":{"start":{"line":32,"column":59},"end":{"line":39,"column":5}}},"3":{"name":"(anonymous_3)","decl":{"start":{"line":33,"column":19},"end":{"line":33,"column":20}},"loc":{"start":{"line":33,"column":65},"end":{"line":38,"column":9}}}},"branchMap":{"0":{"loc":{"start":{"line":18,"column":8},"end":{"line":24,"column":null}},"type":"if","locations":[{"start":{"line":18,"column":8},"end":{"line":24,"column":null}}]},"1":{"loc":{"start":{"line":34,"column":30},"end":{"line":34,"column":51}},"type":"binary-expr","locations":[{"start":{"line":34,"column":30},"end":{"line":34,"column":44}},{"start":{"line":34,"column":48},"end":{"line":34,"column":51}}]},"2":{"loc":{"start":{"line":35,"column":23},"end":{"line":35,"column":67}},"type":"binary-expr","locations":[{"start":{"line":35,"column":23},"end":{"line":35,"column":40}},{"start":{"line":35,"column":44},"end":{"line":35,"column":67}}]},"3":{"loc":{"start":{"line":36,"column":24},"end":{"line":36,"column":45}},"type":"binary-expr","locations":[{"start":{"line":36,"column":24},"end":{"line":36,"column":38}},{"start":{"line":36,"column":42},"end":{"line":36,"column":45}}]}},"s":{"0":1,"1":3,"2":3,"3":0,"4":0,"5":0,"6":0,"7":3,"8":1,"9":1,"10":1},"f":{"0":3,"1":0,"2":1,"3":1},"b":{"0":[0],"1":[1,1],"2":[1,1],"3":[1,1]}}
,"C:\\Users\\Matteo\\Desktop\\SE2-Office-Queue-12\\code\\server\\src\\routes.ts": {"path":"C:\\Users\\Matteo\\Desktop\\SE2-Office-Queue-12\\code\\server\\src\\routes.ts","statementMap":{"0":{"start":{"line":1,"column":0},"end":{"line":1,"column":29}},"1":{"start":{"line":2,"column":0},"end":{"line":2,"column":35}},"2":{"start":{"line":3,"column":0},"end":{"line":3,"column":51}},"3":{"start":{"line":4,"column":0},"end":{"line":4,"column":51}},"4":{"start":{"line":6,"column":15},"end":{"line":6,"column":32}},"5":{"start":{"line":7,"column":15},"end":{"line":7,"column":29}},"6":{"start":{"line":19,"column":4},"end":{"line":19,"column":27}},"7":{"start":{"line":20,"column":4},"end":{"line":20,"column":null}},"8":{"start":{"line":21,"column":4},"end":{"line":21,"column":null}},"9":{"start":{"line":30,"column":26},"end":{"line":30,"column":45}},"10":{"start":{"line":31,"column":26},"end":{"line":31,"column":45}},"11":{"start":{"line":37,"column":4},"end":{"line":37,"column":null}},"12":{"start":{"line":38,"column":4},"end":{"line":38,"column":null}},"13":{"start":{"line":40,"column":4},"end":{"line":40,"column":null}},"14":{"start":{"line":43,"column":0},"end":{"line":43,"column":null}}},"fnMap":{"0":{"name":"initRoutes","decl":{"start":{"line":18,"column":9},"end":{"line":18,"column":19}},"loc":{"start":{"line":18,"column":44},"end":{"line":41,"column":1}}}},"branchMap":{},"s":{"0":1,"1":1,"2":1,"3":1,"4":1,"5":1,"6":1,"7":1,"8":1,"9":1,"10":1,"11":1,"12":1,"13":1,"14":1},"f":{"0":1},"b":{}}
,"C:\\Users\\Matteo\\Desktop\\SE2-Office-Queue-12\\code\\server\\src\\components\\counter.ts": {"path":"C:\\Users\\Matteo\\Desktop\\SE2-Office-Queue-12\\code\\server\\src\\components\\counter.ts","statementMap":{"0":{"start":{"line":9,"column":8},"end":{"line":9,"column":21}},"1":{"start":{"line":10,"column":8},"end":{"line":10,"column":25}},"2":{"start":{"line":14,"column":9},"end":{"line":14,"column":16}}},"fnMap":{"0":{"name":"(anonymous_0)","decl":{"start":{"line":8,"column":4},"end":{"line":8,"column":16}},"loc":{"start":{"line":8,"column":40},"end":{"line":11,"column":5}}}},"branchMap":{},"s":{"0":0,"1":0,"2":1},"f":{"0":0},"b":{}}
,"C:\\Users\\Matteo\\Desktop\\SE2-Office-Queue-12\\code\\server\\src\\components\\queue.ts": {"path":"C:\\Users\\Matteo\\Desktop\\SE2-Office-Queue-12\\code\\server\\src\\components\\queue.ts","statementMap":{"0":{"start":{"line":11,"column":8},"end":{"line":11,"column":21}},"1":{"start":{"line":12,"column":8},"end":{"line":12,"column":35}},"2":{"start":{"line":13,"column":8},"end":{"line":13,"column":25}},"3":{"start":{"line":14,"column":8},"end":{"line":14,"column":29}},"4":{"start":{"line":18,"column":9},"end":{"line":18,"column":14}}},"fnMap":{"0":{"name":"(anonymous_0)","decl":{"start":{"line":10,"column":4},"end":{"line":10,"column":16}},"loc":{"start":{"line":10,"column":73},"end":{"line":15,"column":5}}}},"branchMap":{},"s":{"0":8,"1":8,"2":8,"3":8,"4":1},"f":{"0":8},"b":{}}
,"C:\\Users\\Matteo\\Desktop\\SE2-Office-Queue-12\\code\\server\\src\\components\\service.ts": {"path":"C:\\Users\\Matteo\\Desktop\\SE2-Office-Queue-12\\code\\server\\src\\components\\service.ts","statementMap":{"0":{"start":{"line":15,"column":8},"end":{"line":15,"column":21}},"1":{"start":{"line":18,"column":8},"end":{"line":18,"column":25}},"2":{"start":{"line":22,"column":8},"end":{"line":22,"column":39}},"3":{"start":{"line":26,"column":9},"end":{"line":26,"column":16}}},"fnMap":{"0":{"name":"(anonymous_0)","decl":{"start":{"line":12,"column":4},"end":{"line":12,"column":16}},"loc":{"start":{"line":12,"column":70},"end":{"line":23,"column":5}}}},"branchMap":{"0":{"loc":{"start":{"line":12,"column":28},"end":{"line":12,"column":45}},"type":"default-arg","locations":[{"start":{"line":12,"column":43},"end":{"line":12,"column":45}}]},"1":{"loc":{"start":{"line":12,"column":47},"end":{"line":12,"column":70}},"type":"default-arg","locations":[{"start":{"line":12,"column":69},"end":{"line":12,"column":70}}]}},"s":{"0":2,"1":2,"2":2,"3":2},"f":{"0":2},"b":{"0":[0],"1":[0]}}
,"C:\\Users\\Matteo\\Desktop\\SE2-Office-Queue-12\\code\\server\\src\\controllers\\counterController.ts": {"path":"C:\\Users\\Matteo\\Desktop\\SE2-Office-Queue-12\\code\\server\\src\\controllers\\counterController.ts","statementMap":{"0":{"start":{"line":1,"column":0},"end":{"line":1,"column":43}},"1":{"start":{"line":13,"column":8},"end":{"line":13,"column":34}},"2":{"start":{"line":17,"column":8},"end":{"line":17,"column":39}},"3":{"start":{"line":21,"column":8},"end":{"line":21,"column":41}},"4":{"start":{"line":25,"column":8},"end":{"line":25,"column":41}},"5":{"start":{"line":29,"column":8},"end":{"line":29,"column":42}},"6":{"start":{"line":33,"column":8},"end":{"line":33,"column":46}},"7":{"start":{"line":37,"column":8},"end":{"line":37,"column":64}},"8":{"start":{"line":41,"column":8},"end":{"line":41,"column":67}},"9":{"start":{"line":45,"column":8},"end":{"line":45,"column":65}},"10":{"start":{"line":49,"column":0},"end":{"line":49,"column":null}}},"fnMap":{"0":{"name":"(anonymous_8)","decl":{"start":{"line":12,"column":4},"end":{"line":12,"column":null}},"loc":{"start":{"line":12,"column":4},"end":{"line":14,"column":5}}},"1":{"name":"(anonymous_9)","decl":{"start":{"line":16,"column":10},"end":{"line":16,"column":20}},"loc":{"start":{"line":16,"column":31},"end":{"line":18,"column":null}}},"2":{"name":"(anonymous_11)","decl":{"start":{"line":20,"column":10},"end":{"line":20,"column":24}},"loc":{"start":{"line":20,"column":24},"end":{"line":22,"column":null}}},"3":{"name":"(anonymous_13)","decl":{"start":{"line":24,"column":10},"end":{"line":24,"column":20}},"loc":{"start":{"line":24,"column":33},"end":{"line":26,"column":null}}},"4":{"name":"(anonymous_15)","decl":{"start":{"line":28,"column":10},"end":{"line":28,"column":23}},"loc":{"start":{"line":28,"column":34},"end":{"line":30,"column":null}}},"5":{"name":"(anonymous_17)","decl":{"start":{"line":32,"column":10},"end":{"line":32,"column":21}},"loc":{"start":{"line":32,"column":46},"end":{"line":34,"column":null}}},"6":{"name":"(anonymous_19)","decl":{"start":{"line":36,"column":10},"end":{"line":36,"column":27}},"loc":{"start":{"line":36,"column":64},"end":{"line":38,"column":null}}},"7":{"name":"(anonymous_21)","decl":{"start":{"line":40,"column":10},"end":{"line":40,"column":30}},"loc":{"start":{"line":40,"column":67},"end":{"line":42,"column":null}}},"8":{"name":"(anonymous_23)","decl":{"start":{"line":44,"column":10},"end":{"line":44,"column":39}},"loc":{"start":{"line":44,"column":57},"end":{"line":46,"column":null}}}},"branchMap":{},"s":{"0":1,"1":1,"2":0,"3":0,"4":0,"5":0,"6":0,"7":0,"8":0,"9":0,"10":1},"f":{"0":1,"1":0,"2":0,"3":0,"4":0,"5":0,"6":0,"7":0,"8":0},"b":{}}
,"C:\\Users\\Matteo\\Desktop\\SE2-Office-Queue-12\\code\\server\\src\\controllers\\queueController.ts": {"path":"C:\\Users\\Matteo\\Desktop\\SE2-Office-Queue-12\\code\\server\\src\\controllers\\queueController.ts","statementMap":{"0":{"start":{"line":1,"column":0},"end":{"line":1,"column":39}},"1":{"start":{"line":8,"column":8},"end":{"line":8,"column":34}},"2":{"start":{"line":12,"column":8},"end":{"line":12,"column":50}},"3":{"start":{"line":16,"column":8},"end":{"line":16,"column":50}},"4":{"start":{"line":20,"column":8},"end":{"line":20,"column":53}},"5":{"start":{"line":24,"column":8},"end":{"line":24,"column":60}},"6":{"start":{"line":28,"column":0},"end":{"line":28,"column":31}}},"fnMap":{"0":{"name":"(anonymous_8)","decl":{"start":{"line":7,"column":4},"end":{"line":7,"column":null}},"loc":{"start":{"line":7,"column":4},"end":{"line":9,"column":5}}},"1":{"name":"(anonymous_9)","decl":{"start":{"line":11,"column":10},"end":{"line":11,"column":18}},"loc":{"start":{"line":11,"column":48},"end":{"line":13,"column":null}}},"2":{"name":"(anonymous_11)","decl":{"start":{"line":15,"column":10},"end":{"line":15,"column":18}},"loc":{"start":{"line":15,"column":48},"end":{"line":17,"column":null}}},"3":{"name":"(anonymous_13)","decl":{"start":{"line":19,"column":10},"end":{"line":19,"column":21}},"loc":{"start":{"line":19,"column":51},"end":{"line":21,"column":null}}},"4":{"name":"(anonymous_15)","decl":{"start":{"line":23,"column":10},"end":{"line":23,"column":28}},"loc":{"start":{"line":23,"column":58},"end":{"line":25,"column":null}}}},"branchMap":{},"s":{"0":1,"1":8,"2":2,"3":2,"4":2,"5":2,"6":1},"f":{"0":8,"1":2,"2":2,"3":2,"4":2},"b":{}}
,"C:\\Users\\Matteo\\Desktop\\SE2-Office-Queue-12\\code\\server\\src\\controllers\\serviceController.ts": {"path":"C:\\Users\\Matteo\\Desktop\\SE2-Office-Queue-12\\code\\server\\src\\controllers\\serviceController.ts","statementMap":{"0":{"start":{"line":1,"column":0},"end":{"line":1,"column":43}},"1":{"start":{"line":8,"column":8},"end":{"line":8,"column":34}},"2":{"start":{"line":18,"column":8},"end":{"line":18,"column":54}},"3":{"start":{"line":27,"column":8},"end":{"line":27,"column":39}},"4":{"start":{"line":35,"column":8},"end":{"line":35,"column":38}},"5":{"start":{"line":44,"column":8},"end":{"line":44,"column":44}},"6":{"start":{"line":55,"column":8},"end":{"line":55,"column":64}},"7":{"start":{"line":64,"column":8},"end":{"line":64,"column":55}},"8":{"start":{"line":68,"column":0},"end":{"line":68,"column":33}}},"fnMap":{"0":{"name":"(anonymous_8)","decl":{"start":{"line":7,"column":4},"end":{"line":7,"column":null}},"loc":{"start":{"line":7,"column":4},"end":{"line":9,"column":5}}},"1":{"name":"(anonymous_9)","decl":{"start":{"line":17,"column":10},"end":{"line":17,"column":20}},"loc":{"start":{"line":17,"column":54},"end":{"line":19,"column":null}}},"2":{"name":"(anonymous_11)","decl":{"start":{"line":26,"column":10},"end":{"line":26,"column":20}},"loc":{"start":{"line":26,"column":31},"end":{"line":28,"column":null}}},"3":{"name":"(anonymous_13)","decl":{"start":{"line":34,"column":10},"end":{"line":34,"column":21}},"loc":{"start":{"line":34,"column":21},"end":{"line":36,"column":null}}},"4":{"name":"(anonymous_15)","decl":{"start":{"line":43,"column":10},"end":{"line":43,"column":23}},"loc":{"start":{"line":43,"column":36},"end":{"line":45,"column":null}}},"5":{"name":"(anonymous_17)","decl":{"start":{"line":54,"column":10},"end":{"line":54,"column":21}},"loc":{"start":{"line":54,"column":72},"end":{"line":56,"column":null}}},"6":{"name":"(anonymous_19)","decl":{"start":{"line":63,"column":11},"end":{"line":63,"column":37}},"loc":{"start":{"line":63,"column":48},"end":{"line":65,"column":null}}}},"branchMap":{},"s":{"0":2,"1":2,"2":0,"3":0,"4":0,"5":0,"6":0,"7":2,"8":2},"f":{"0":2,"1":0,"2":0,"3":0,"4":0,"5":0,"6":2},"b":{}}
,"C:\\Users\\Matteo\\Desktop\\SE2-Office-Queue-12\\code\\server\\src\\dao\\counterDAO.ts": {"path":"C:\\Users\\Matteo\\Desktop\\SE2-Office-Queue-12\\code\\server\\src\\dao\\counterDAO.ts","statementMap":{"0":{"start":{"line":1,"column":0},"end":{"line":1,"column":26}},"1":{"start":{"line":2,"column":0},"end":{"line":2,"column":46}},"2":{"start":{"line":3,"column":0},"end":{"line":3,"column":48}},"3":{"start":{"line":8,"column":25},"end":{"line":15,"column":3}},"4":{"start":{"line":9,"column":18},"end":{"line":9,"column":28}},"5":{"start":{"line":10,"column":16},"end":{"line":10,"column":56}},"6":{"start":{"line":11,"column":18},"end":{"line":11,"column":63}},"7":{"start":{"line":12,"column":17},"end":{"line":12,"column":36}},"8":{"start":{"line":14,"column":4},"end":{"line":14,"column":37}},"9":{"start":{"line":21,"column":8},"end":{"line":33,"column":11}},"10":{"start":{"line":22,"column":24},"end":{"line":22,"column":60}},"11":{"start":{"line":23,"column":12},"end":{"line":32,"column":15}},"12":{"start":{"line":24,"column":16},"end":{"line":26,"column":null}},"13":{"start":{"line":25,"column":20},"end":{"line":25,"column":39}},"14":{"start":{"line":27,"column":16},"end":{"line":31,"column":null}},"15":{"start":{"line":28,"column":20},"end":{"line":28,"column":56}},"16":{"start":{"line":30,"column":20},"end":{"line":30,"column":66}},"17":{"start":{"line":37,"column":8},"end":{"line":46,"column":11}},"18":{"start":{"line":38,"column":24},"end":{"line":38,"column":47}},"19":{"start":{"line":39,"column":12},"end":{"line":45,"column":15}},"20":{"start":{"line":40,"column":16},"end":{"line":42,"column":null}},"21":{"start":{"line":41,"column":20},"end":{"line":41,"column":39}},"22":{"start":{"line":43,"column":33},"end":{"line":43,"column":80}},"23":{"start":{"line":43,"column":54},"end":{"line":43,"column":79}},"24":{"start":{"line":44,"column":16},"end":{"line":44,"column":41}},"25":{"start":{"line":50,"column":8},"end":{"line":61,"column":11}},"26":{"start":{"line":51,"column":24},"end":{"line":51,"column":58}},"27":{"start":{"line":52,"column":12},"end":{"line":60,"column":15}},"28":{"start":{"line":53,"column":16},"end":{"line":55,"column":null}},"29":{"start":{"line":54,"column":20},"end":{"line":54,"column":39}},"30":{"start":{"line":56,"column":16},"end":{"line":58,"column":null}},"31":{"start":{"line":57,"column":20},"end":{"line":57,"column":37}},"32":{"start":{"line":59,"column":16},"end":{"line":59,"column":52}},"33":{"start":{"line":65,"column":8},"end":{"line":77,"column":11}},"34":{"start":{"line":66,"column":24},"end":{"line":66,"column":61}},"35":{"start":{"line":67,"column":12},"end":{"line":76,"column":15}},"36":{"start":{"line":68,"column":16},"end":{"line":70,"column":null}},"37":{"start":{"line":69,"column":20},"end":{"line":69,"column":39}},"38":{"start":{"line":71,"column":16},"end":{"line":75,"column":null}},"39":{"start":{"line":72,"column":20},"end":{"line":72,"column":65}},"40":{"start":{"line":74,"column":20},"end":{"line":74,"column":30}},"41":{"start":{"line":81,"column":8},"end":{"line":95,"column":11}},"42":{"start":{"line":82,"column":24},"end":{"line":82,"column":66}},"43":{"start":{"line":84,"column":12},"end":{"line":94,"column":15}},"44":{"start":{"line":85,"column":16},"end":{"line":87,"column":null}},"45":{"start":{"line":86,"column":20},"end":{"line":86,"column":39}},"46":{"start":{"line":89,"column":16},"end":{"line":93,"column":null}},"47":{"start":{"line":90,"column":20},"end":{"line":90,"column":37}},"48":{"start":{"line":92,"column":20},"end":{"line":92,"column":69}},"49":{"start":{"line":99,"column":8},"end":{"line":116,"column":11}},"50":{"start":{"line":101,"column":25},"end":{"line":101,"column":43}},"51":{"start":{"line":103,"column":24},"end":{"line":103,"column":97}},"52":{"start":{"line":105,"column":12},"end":{"line":115,"column":15}},"53":{"start":{"line":106,"column":16},"end":{"line":108,"column":null}},"54":{"start":{"line":107,"column":20},"end":{"line":107,"column":39}},"55":{"start":{"line":109,"column":16},"end":{"line":113,"column":null}},"56":{"start":{"line":110,"column":20},"end":{"line":110,"column":72}},"57":{"start":{"line":112,"column":20},"end":{"line":112,"column":37}},"58":{"start":{"line":120,"column":8},"end":{"line":134,"column":11}},"59":{"start":{"line":121,"column":25},"end":{"line":121,"column":43}},"60":{"start":{"line":123,"column":24},"end":{"line":124,"column":76}},"61":{"start":{"line":125,"column":12},"end":{"line":133,"column":15}},"62":{"start":{"line":126,"column":16},"end":{"line":128,"column":null}},"63":{"start":{"line":127,"column":20},"end":{"line":127,"column":39}},"64":{"start":{"line":129,"column":16},"end":{"line":131,"column":null}},"65":{"start":{"line":130,"column":20},"end":{"line":130,"column":37}},"66":{"start":{"line":132,"column":16},"end":{"line":132,"column":67}},"67":{"start":{"line":141,"column":8},"end":{"line":157,"column":11}},"68":{"start":{"line":142,"column":25},"end":{"line":142,"column":43}},"69":{"start":{"line":144,"column":24},"end":{"line":147,"column":76}},"70":{"start":{"line":148,"column":12},"end":{"line":156,"column":15}},"71":{"start":{"line":149,"column":16},"end":{"line":151,"column":null}},"72":{"start":{"line":150,"column":20},"end":{"line":150,"column":39}},"73":{"start":{"line":153,"column":33},"end":{"line":153,"column":95}},"74":{"start":{"line":153,"column":54},"end":{"line":153,"column":94}},"75":{"start":{"line":155,"column":16},"end":{"line":155,"column":41}},"76":{"start":{"line":162,"column":0},"end":{"line":162,"column":26}}},"fnMap":{"0":{"name":"(anonymous_1)","decl":{"start":{"line":8,"column":25},"end":{"line":8,"column":36}},"loc":{"start":{"line":8,"column":38},"end":{"line":15,"column":3}}},"1":{"name":"(anonymous_2)","decl":{"start":{"line":20,"column":4},"end":{"line":20,"column":14}},"loc":{"start":{"line":20,"column":25},"end":{"line":34,"column":5}}},"2":{"name":"(anonymous_3)","decl":{"start":{"line":21,"column":36},"end":{"line":21,"column":37}},"loc":{"start":{"line":21,"column":56},"end":{"line":33,"column":9}}},"3":{"name":"(anonymous_4)","decl":{"start":{"line":23,"column":35},"end":{"line":23,"column":36}},"loc":{"start":{"line":23,"column":48},"end":{"line":32,"column":13}}},"4":{"name":"(anonymous_5)","decl":{"start":{"line":36,"column":4},"end":{"line":36,"column":18}},"loc":{"start":{"line":36,"column":18},"end":{"line":47,"column":5}}},"5":{"name":"(anonymous_6)","decl":{"start":{"line":37,"column":38},"end":{"line":37,"column":39}},"loc":{"start":{"line":37,"column":58},"end":{"line":46,"column":9}}},"6":{"name":"(anonymous_7)","decl":{"start":{"line":39,"column":28},"end":{"line":39,"column":29}},"loc":{"start":{"line":39,"column":42},"end":{"line":45,"column":13}}},"7":{"name":"(anonymous_8)","decl":{"start":{"line":43,"column":42},"end":{"line":43,"column":43}},"loc":{"start":{"line":43,"column":54},"end":{"line":43,"column":79}}},"8":{"name":"(anonymous_9)","decl":{"start":{"line":49,"column":4},"end":{"line":49,"column":17}},"loc":{"start":{"line":49,"column":28},"end":{"line":62,"column":5}}},"9":{"name":"(anonymous_10)","decl":{"start":{"line":50,"column":33},"end":{"line":50,"column":34}},"loc":{"start":{"line":50,"column":53},"end":{"line":61,"column":9}}},"10":{"name":"(anonymous_11)","decl":{"start":{"line":52,"column":30},"end":{"line":52,"column":50}},"loc":{"start":{"line":52,"column":67},"end":{"line":60,"column":13}}},"11":{"name":"(anonymous_12)","decl":{"start":{"line":64,"column":4},"end":{"line":64,"column":14}},"loc":{"start":{"line":64,"column":27},"end":{"line":78,"column":5}}},"12":{"name":"(anonymous_13)","decl":{"start":{"line":65,"column":33},"end":{"line":65,"column":34}},"loc":{"start":{"line":65,"column":53},"end":{"line":77,"column":9}}},"13":{"name":"(anonymous_14)","decl":{"start":{"line":67,"column":32},"end":{"line":67,"column":52}},"loc":{"start":{"line":67,"column":69},"end":{"line":76,"column":13}}},"14":{"name":"(anonymous_15)","decl":{"start":{"line":80,"column":4},"end":{"line":80,"column":15}},"loc":{"start":{"line":80,"column":40},"end":{"line":96,"column":5}}},"15":{"name":"(anonymous_16)","decl":{"start":{"line":81,"column":33},"end":{"line":81,"column":34}},"loc":{"start":{"line":81,"column":53},"end":{"line":95,"column":9}}},"16":{"name":"(anonymous_17)","decl":{"start":{"line":84,"column":36},"end":{"line":84,"column":56}},"loc":{"start":{"line":84,"column":73},"end":{"line":94,"column":13}}},"17":{"name":"(anonymous_18)","decl":{"start":{"line":98,"column":4},"end":{"line":98,"column":21}},"loc":{"start":{"line":98,"column":58},"end":{"line":117,"column":5}}},"18":{"name":"(anonymous_19)","decl":{"start":{"line":99,"column":34},"end":{"line":99,"column":35}},"loc":{"start":{"line":99,"column":54},"end":{"line":116,"column":9}}},"19":{"name":"(anonymous_20)","decl":{"start":{"line":105,"column":54},"end":{"line":105,"column":74}},"loc":{"start":{"line":105,"column":91},"end":{"line":115,"column":13}}},"20":{"name":"(anonymous_21)","decl":{"start":{"line":119,"column":4},"end":{"line":119,"column":24}},"loc":{"start":{"line":119,"column":61},"end":{"line":135,"column":5}}},"21":{"name":"(anonymous_22)","decl":{"start":{"line":120,"column":33},"end":{"line":120,"column":34}},"loc":{"start":{"line":120,"column":53},"end":{"line":134,"column":9}}},"22":{"name":"(anonymous_23)","decl":{"start":{"line":125,"column":54},"end":{"line":125,"column":74}},"loc":{"start":{"line":125,"column":91},"end":{"line":133,"column":13}}},"23":{"name":"(anonymous_24)","decl":{"start":{"line":140,"column":4},"end":{"line":140,"column":33}},"loc":{"start":{"line":140,"column":51},"end":{"line":158,"column":5}}},"24":{"name":"(anonymous_25)","decl":{"start":{"line":141,"column":27},"end":{"line":141,"column":28}},"loc":{"start":{"line":141,"column":47},"end":{"line":157,"column":9}}},"25":{"name":"(anonymous_26)","decl":{"start":{"line":148,"column":43},"end":{"line":148,"column":44}},"loc":{"start":{"line":148,"column":57},"end":{"line":156,"column":13}}},"26":{"name":"(anonymous_27)","decl":{"start":{"line":153,"column":42},"end":{"line":153,"column":43}},"loc":{"start":{"line":153,"column":54},"end":{"line":153,"column":94}}}},"branchMap":{"0":{"loc":{"start":{"line":24,"column":16},"end":{"line":26,"column":null}},"type":"if","locations":[{"start":{"line":24,"column":16},"end":{"line":26,"column":null}}]},"1":{"loc":{"start":{"line":27,"column":16},"end":{"line":31,"column":null}},"type":"if","locations":[{"start":{"line":27,"column":16},"end":{"line":31,"column":null}},{"start":{"line":29,"column":21},"end":{"line":31,"column":null}}]},"2":{"loc":{"start":{"line":40,"column":16},"end":{"line":42,"column":null}},"type":"if","locations":[{"start":{"line":40,"column":16},"end":{"line":42,"column":null}}]},"3":{"loc":{"start":{"line":53,"column":16},"end":{"line":55,"column":null}},"type":"if","locations":[{"start":{"line":53,"column":16},"end":{"line":55,"column":null}}]},"4":{"loc":{"start":{"line":56,"column":16},"end":{"line":58,"column":null}},"type":"if","locations":[{"start":{"line":56,"column":16},"end":{"line":58,"column":null}}]},"5":{"loc":{"start":{"line":68,"column":16},"end":{"line":70,"column":null}},"type":"if","locations":[{"start":{"line":68,"column":16},"end":{"line":70,"column":null}}]},"6":{"loc":{"start":{"line":71,"column":16},"end":{"line":75,"column":null}},"type":"if","locations":[{"start":{"line":71,"column":16},"end":{"line":75,"column":null}},{"start":{"line":73,"column":21},"end":{"line":75,"column":null}}]},"7":{"loc":{"start":{"line":85,"column":16},"end":{"line":87,"column":null}},"type":"if","locations":[{"start":{"line":85,"column":16},"end":{"line":87,"column":null}}]},"8":{"loc":{"start":{"line":89,"column":16},"end":{"line":93,"column":null}},"type":"if","locations":[{"start":{"line":89,"column":16},"end":{"line":93,"column":null}},{"start":{"line":91,"column":21},"end":{"line":93,"column":null}}]},"9":{"loc":{"start":{"line":106,"column":16},"end":{"line":108,"column":null}},"type":"if","locations":[{"start":{"line":106,"column":16},"end":{"line":108,"column":null}}]},"10":{"loc":{"start":{"line":109,"column":16},"end":{"line":113,"column":null}},"type":"if","locations":[{"start":{"line":109,"column":16},"end":{"line":113,"column":null}},{"start":{"line":111,"column":21},"end":{"line":113,"column":null}}]},"11":{"loc":{"start":{"line":126,"column":16},"end":{"line":128,"column":null}},"type":"if","locations":[{"start":{"line":126,"column":16},"end":{"line":128,"column":null}}]},"12":{"loc":{"start":{"line":129,"column":16},"end":{"line":131,"column":null}},"type":"if","locations":[{"start":{"line":129,"column":16},"end":{"line":131,"column":null}}]},"13":{"loc":{"start":{"line":149,"column":16},"end":{"line":151,"column":null}},"type":"if","locations":[{"start":{"line":149,"column":16},"end":{"line":151,"column":null}}]}},"s":{"0":1,"1":1,"2":1,"3":1,"4":0,"5":0,"6":0,"7":0,"8":0,"9":0,"10":0,"11":0,"12":0,"13":0,"14":0,"15":0,"16":0,"17":0,"18":0,"19":0,"20":0,"21":0,"22":0,"23":0,"24":0,"25":0,"26":0,"27":0,"28":0,"29":0,"30":0,"31":0,"32":0,"33":0,"34":0,"35":0,"36":0,"37":0,"38":0,"39":0,"40":0,"41":0,"42":0,"43":0,"44":0,"45":0,"46":0,"47":0,"48":0,"49":0,"50":0,"51":0,"52":0,"53":0,"54":0,"55":0,"56":0,"57":0,"58":0,"59":0,"60":0,"61":0,"62":0,"63":0,"64":0,"65":0,"66":0,"67":0,"68":0,"69":0,"70":0,"71":0,"72":0,"73":0,"74":0,"75":0,"76":1},"f":{"0":0,"1":0,"2":0,"3":0,"4":0,"5":0,"6":0,"7":0,"8":0,"9":0,"10":0,"11":0,"12":0,"13":0,"14":0,"15":0,"16":0,"17":0,"18":0,"19":0,"20":0,"21":0,"22":0,"23":0,"24":0,"25":0,"26":0},"b":{"0":[0],"1":[0,0],"2":[0],"3":[0],"4":[0],"5":[0],"6":[0,0],"7":[0],"8":[0,0],"9":[0],"10":[0,0],"11":[0],"12":[0],"13":[0]}}
,"C:\\Users\\Matteo\\Desktop\\SE2-Office-Queue-12\\code\\server\\src\\dao\\queueDAO.ts": {"path":"C:\\Users\\Matteo\\Desktop\\SE2-Office-Queue-12\\code\\server\\src\\dao\\queueDAO.ts","statementMap":{"0":{"start":{"line":1,"column":0},"end":{"line":1,"column":26}},"1":{"start":{"line":6,"column":8},"end":{"line":17,"column":null}},"2":{"start":{"line":7,"column":24},"end":{"line":7,"column":78}},"3":{"start":{"line":8,"column":12},"end":{"line":16,"column":null}},"4":{"start":{"line":9,"column":16},"end":{"line":11,"column":null}},"5":{"start":{"line":10,"column":20},"end":{"line":10,"column":39}},"6":{"start":{"line":12,"column":16},"end":{"line":14,"column":null}},"7":{"start":{"line":13,"column":20},"end":{"line":13,"column":70}},"8":{"start":{"line":15,"column":16},"end":{"line":15,"column":36}},"9":{"start":{"line":21,"column":8},"end":{"line":29,"column":null}},"10":{"start":{"line":22,"column":32},"end":{"line":22,"column":67}},"11":{"start":{"line":23,"column":12},"end":{"line":28,"column":null}},"12":{"start":{"line":24,"column":16},"end":{"line":26,"column":null}},"13":{"start":{"line":25,"column":20},"end":{"line":25,"column":39}},"14":{"start":{"line":27,"column":16},"end":{"line":27,"column":33}},"15":{"start":{"line":33,"column":8},"end":{"line":51,"column":null}},"16":{"start":{"line":34,"column":32},"end":{"line":34,"column":103}},"17":{"start":{"line":35,"column":12},"end":{"line":39,"column":null}},"18":{"start":{"line":36,"column":16},"end":{"line":38,"column":null}},"19":{"start":{"line":37,"column":20},"end":{"line":37,"column":39}},"20":{"start":{"line":40,"column":38},"end":{"line":40,"column":92}},"21":{"start":{"line":41,"column":12},"end":{"line":50,"column":null}},"22":{"start":{"line":42,"column":16},"end":{"line":44,"column":null}},"23":{"start":{"line":43,"column":20},"end":{"line":43,"column":39}},"24":{"start":{"line":45,"column":16},"end":{"line":47,"column":null}},"25":{"start":{"line":46,"column":20},"end":{"line":46,"column":96}},"26":{"start":{"line":49,"column":16},"end":{"line":49,"column":36}},"27":{"start":{"line":55,"column":8},"end":{"line":64,"column":null}},"28":{"start":{"line":56,"column":32},"end":{"line":56,"column":84}},"29":{"start":{"line":57,"column":12},"end":{"line":63,"column":null}},"30":{"start":{"line":58,"column":16},"end":{"line":60,"column":null}},"31":{"start":{"line":59,"column":20},"end":{"line":59,"column":39}},"32":{"start":{"line":62,"column":16},"end":{"line":62,"column":33}},"33":{"start":{"line":68,"column":0},"end":{"line":68,"column":24}}},"fnMap":{"0":{"name":"(anonymous_1)","decl":{"start":{"line":5,"column":4},"end":{"line":5,"column":12}},"loc":{"start":{"line":5,"column":42},"end":{"line":18,"column":5}}},"1":{"name":"(anonymous_2)","decl":{"start":{"line":6,"column":27},"end":{"line":6,"column":28}},"loc":{"start":{"line":6,"column":47},"end":{"line":17,"column":9}}},"2":{"name":"(anonymous_3)","decl":{"start":{"line":8,"column":58},"end":{"line":8,"column":59}},"loc":{"start":{"line":8,"column":78},"end":{"line":16,"column":13}}},"3":{"name":"(anonymous_4)","decl":{"start":{"line":20,"column":4},"end":{"line":20,"column":12}},"loc":{"start":{"line":20,"column":42},"end":{"line":30,"column":5}}},"4":{"name":"(anonymous_5)","decl":{"start":{"line":21,"column":27},"end":{"line":21,"column":28}},"loc":{"start":{"line":21,"column":47},"end":{"line":29,"column":9}}},"5":{"name":"(anonymous_6)","decl":{"start":{"line":23,"column":58},"end":{"line":23,"column":67}},"loc":{"start":{"line":23,"column":84},"end":{"line":28,"column":13}}},"6":{"name":"(anonymous_7)","decl":{"start":{"line":32,"column":4},"end":{"line":32,"column":22}},"loc":{"start":{"line":32,"column":52},"end":{"line":52,"column":5}}},"7":{"name":"(anonymous_8)","decl":{"start":{"line":33,"column":27},"end":{"line":33,"column":28}},"loc":{"start":{"line":33,"column":47},"end":{"line":51,"column":9}}},"8":{"name":"(anonymous_9)","decl":{"start":{"line":35,"column":58},"end":{"line":35,"column":59}},"loc":{"start":{"line":35,"column":80},"end":{"line":39,"column":13}}},"9":{"name":"(anonymous_10)","decl":{"start":{"line":41,"column":64},"end":{"line":41,"column":65}},"loc":{"start":{"line":41,"column":98},"end":{"line":50,"column":13}}},"10":{"name":"(anonymous_11)","decl":{"start":{"line":54,"column":4},"end":{"line":54,"column":15}},"loc":{"start":{"line":54,"column":45},"end":{"line":65,"column":5}}},"11":{"name":"(anonymous_12)","decl":{"start":{"line":55,"column":27},"end":{"line":55,"column":28}},"loc":{"start":{"line":55,"column":47},"end":{"line":64,"column":9}}},"12":{"name":"(anonymous_13)","decl":{"start":{"line":57,"column":58},"end":{"line":57,"column":59}},"loc":{"start":{"line":57,"column":80},"end":{"line":63,"column":13}}}},"branchMap":{"0":{"loc":{"start":{"line":9,"column":16},"end":{"line":11,"column":null}},"type":"if","locations":[{"start":{"line":9,"column":16},"end":{"line":11,"column":null}}]},"1":{"loc":{"start":{"line":12,"column":16},"end":{"line":14,"column":null}},"type":"if","locations":[{"start":{"line":12,"column":16},"end":{"line":14,"column":null}}]},"2":{"loc":{"start":{"line":24,"column":16},"end":{"line":26,"column":null}},"type":"if","locations":[{"start":{"line":24,"column":16},"end":{"line":26,"column":null}}]},"3":{"loc":{"start":{"line":36,"column":16},"end":{"line":38,"column":null}},"type":"if","locations":[{"start":{"line":36,"column":16},"end":{"line":38,"column":null}}]},"4":{"loc":{"start":{"line":42,"column":16},"end":{"line":44,"column":null}},"type":"if","locations":[{"start":{"line":42,"column":16},"end":{"line":44,"column":null}}]},"5":{"loc":{"start":{"line":45,"column":16},"end":{"line":47,"column":null}},"type":"if","locations":[{"start":{"line":45,"column":16},"end":{"line":47,"column":null}}]},"6":{"loc":{"start":{"line":58,"column":16},"end":{"line":60,"column":null}},"type":"if","locations":[{"start":{"line":58,"column":16},"end":{"line":60,"column":null}}]}},"s":{"0":2,"1":3,"2":3,"3":3,"4":3,"5":1,"6":2,"7":1,"8":1,"9":2,"10":2,"11":2,"12":2,"13":1,"14":1,"15":4,"16":4,"17":4,"18":4,"19":1,"20":4,"21":4,"22":4,"23":1,"24":3,"25":1,"26":2,"27":2,"28":2,"29":2,"30":2,"31":1,"32":1,"33":2},"f":{"0":3,"1":3,"2":3,"3":2,"4":2,"5":2,"6":4,"7":4,"8":4,"9":4,"10":2,"11":2,"12":2},"b":{"0":[1],"1":[1],"2":[1],"3":[1],"4":[1],"5":[1],"6":[1]}}
,"C:\\Users\\Matteo\\Desktop\\SE2-Office-Queue-12\\code\\server\\src\\dao\\serviceDAO.ts": {"path":"C:\\Users\\Matteo\\Desktop\\SE2-Office-Queue-12\\code\\server\\src\\dao\\serviceDAO.ts","statementMap":{"0":{"start":{"line":1,"column":0},"end":{"line":1,"column":26}},"1":{"start":{"line":12,"column":20},"end":{"line":12,"column":74}},"2":{"start":{"line":13,"column":23},"end":{"line":13,"column":42}},"3":{"start":{"line":15,"column":8},"end":{"line":27,"column":null}},"4":{"start":{"line":16,"column":12},"end":{"line":24,"column":15}},"5":{"start":{"line":17,"column":16},"end":{"line":23,"column":19}},"6":{"start":{"line":18,"column":20},"end":{"line":22,"column":null}},"7":{"start":{"line":19,"column":24},"end":{"line":19,"column":85}},"8":{"start":{"line":21,"column":24},"end":{"line":21,"column":34}},"9":{"start":{"line":26,"column":12},"end":{"line":26,"column":63}},"10":{"start":{"line":36,"column":20},"end":{"line":36,"column":56}},"11":{"start":{"line":37,"column":23},"end":{"line":37,"column":27}},"12":{"start":{"line":39,"column":8},"end":{"line":59,"column":11}},"13":{"start":{"line":40,"column":12},"end":{"line":58,"column":15}},"14":{"start":{"line":41,"column":16},"end":{"line":44,"column":null}},"15":{"start":{"line":42,"column":20},"end":{"line":42,"column":82}},"16":{"start":{"line":43,"column":20},"end":{"line":43,"column":27}},"17":{"start":{"line":46,"column":16},"end":{"line":49,"column":null}},"18":{"start":{"line":47,"column":20},"end":{"line":47,"column":73}},"19":{"start":{"line":48,"column":20},"end":{"line":48,"column":27}},"20":{"start":{"line":51,"column":41},"end":{"line":55,"column":18}},"21":{"start":{"line":57,"column":16},"end":{"line":57,"column":33}},"22":{"start":{"line":67,"column":20},"end":{"line":67,"column":43}},"23":{"start":{"line":68,"column":8},"end":{"line":85,"column":11}},"24":{"start":{"line":69,"column":12},"end":{"line":84,"column":15}},"25":{"start":{"line":70,"column":16},"end":{"line":73,"column":null}},"26":{"start":{"line":71,"column":20},"end":{"line":71,"column":83}},"27":{"start":{"line":72,"column":20},"end":{"line":72,"column":27}},"28":{"start":{"line":75,"column":44},"end":{"line":81,"column":18}},"29":{"start":{"line":76,"column":20},"end":{"line":80,"column":22}},"30":{"start":{"line":83,"column":16},"end":{"line":83,"column":34}},"31":{"start":{"line":94,"column":8},"end":{"line":106,"column":11}},"32":{"start":{"line":95,"column":24},"end":{"line":95,"column":60}},"33":{"start":{"line":96,"column":27},"end":{"line":96,"column":33}},"34":{"start":{"line":98,"column":12},"end":{"line":105,"column":15}},"35":{"start":{"line":99,"column":16},"end":{"line":102,"column":null}},"36":{"start":{"line":100,"column":20},"end":{"line":100,"column":80}},"37":{"start":{"line":101,"column":20},"end":{"line":101,"column":27}},"38":{"start":{"line":104,"column":16},"end":{"line":104,"column":26}},"39":{"start":{"line":117,"column":8},"end":{"line":129,"column":11}},"40":{"start":{"line":118,"column":24},"end":{"line":118,"column":85}},"41":{"start":{"line":119,"column":27},"end":{"line":119,"column":55}},"42":{"start":{"line":121,"column":12},"end":{"line":128,"column":15}},"43":{"start":{"line":122,"column":16},"end":{"line":125,"column":null}},"44":{"start":{"line":123,"column":20},"end":{"line":123,"column":79}},"45":{"start":{"line":124,"column":20},"end":{"line":124,"column":27}},"46":{"start":{"line":127,"column":16},"end":{"line":127,"column":26}},"47":{"start":{"line":138,"column":24},"end":{"line":138,"column":70}},"48":{"start":{"line":139,"column":27},"end":{"line":139,"column":31}},"49":{"start":{"line":141,"column":12},"end":{"line":210,"column":15}},"50":{"start":{"line":142,"column":16},"end":{"line":209,"column":19}},"51":{"start":{"line":143,"column":20},"end":{"line":146,"column":null}},"52":{"start":{"line":144,"column":24},"end":{"line":144,"column":86}},"53":{"start":{"line":145,"column":24},"end":{"line":145,"column":31}},"54":{"start":{"line":148,"column":20},"end":{"line":151,"column":null}},"55":{"start":{"line":149,"column":24},"end":{"line":149,"column":76}},"56":{"start":{"line":150,"column":24},"end":{"line":150,"column":31}},"57":{"start":{"line":154,"column":40},"end":{"line":154,"column":55}},"58":{"start":{"line":156,"column":37},"end":{"line":156,"column":89}},"59":{"start":{"line":157,"column":20},"end":{"line":207,"column":23}},"60":{"start":{"line":158,"column":24},"end":{"line":161,"column":null}},"61":{"start":{"line":159,"column":28},"end":{"line":159,"column":98}},"62":{"start":{"line":160,"column":28},"end":{"line":160,"column":35}},"63":{"start":{"line":162,"column":24},"end":{"line":165,"column":null}},"64":{"start":{"line":163,"column":28},"end":{"line":163,"column":105}},"65":{"start":{"line":164,"column":28},"end":{"line":164,"column":35}},"66":{"start":{"line":167,"column":42},"end":{"line":167,"column":55}},"67":{"start":{"line":168,"column":39},"end":{"line":168,"column":54}},"68":{"start":{"line":171,"column":43},"end":{"line":180,"column":30}},"69":{"start":{"line":183,"column":38},"end":{"line":183,"column":64}},"70":{"start":{"line":185,"column":16},"end":{"line":204,"column":15}},"71":{"start":{"line":186,"column":20},"end":{"line":189,"column":null}},"72":{"start":{"line":187,"column":24},"end":{"line":187,"column":91}},"73":{"start":{"line":188,"column":24},"end":{"line":188,"column":31}},"74":{"start":{"line":190,"column":20},"end":{"line":193,"column":null}},"75":{"start":{"line":191,"column":24},"end":{"line":191,"column":104}},"76":{"start":{"line":192,"column":24},"end":{"line":192,"column":31}},"77":{"start":{"line":194,"column":35},"end":{"line":194,"column":82}},"78":{"start":{"line":194,"column":58},"end":{"line":194,"column":81}},"79":{"start":{"line":199,"column":43},"end":{"line":199,"column":90}},"80":{"start":{"line":199,"column":71},"end":{"line":199,"column":86}},"81":{"start":{"line":201,"column":31},"end":{"line":201,"column":76}},"82":{"start":{"line":203,"column":20},"end":{"line":203,"column":32}},"83":{"start":{"line":214,"column":0},"end":{"line":214,"column":26}}},"fnMap":{"0":{"name":"(anonymous_8)","decl":{"start":{"line":11,"column":10},"end":{"line":11,"column":20}},"loc":{"start":{"line":11,"column":54},"end":{"line":28,"column":null}}},"1":{"name":"(anonymous_10)","decl":{"start":{"line":16,"column":36},"end":{"line":16,"column":37}},"loc":{"start":{"line":16,"column":56},"end":{"line":24,"column":13}}},"2":{"name":"(anonymous_11)","decl":{"start":{"line":17,"column":36},"end":{"line":17,"column":37}},"loc":{"start":{"line":17,"column":44},"end":{"line":23,"column":17}}},"3":{"name":"(anonymous_12)","decl":{"start":{"line":35,"column":4},"end":{"line":35,"column":14}},"loc":{"start":{"line":35,"column":25},"end":{"line":60,"column":5}}},"4":{"name":"(anonymous_13)","decl":{"start":{"line":39,"column":27},"end":{"line":39,"column":28}},"loc":{"start":{"line":39,"column":47},"end":{"line":59,"column":9}}},"5":{"name":"(anonymous_14)","decl":{"start":{"line":40,"column":32},"end":{"line":40,"column":33}},"loc":{"start":{"line":40,"column":64},"end":{"line":58,"column":13}}},"6":{"name":"(anonymous_15)","decl":{"start":{"line":66,"column":4},"end":{"line":66,"column":15}},"loc":{"start":{"line":66,"column":15},"end":{"line":86,"column":5}}},"7":{"name":"(anonymous_16)","decl":{"start":{"line":68,"column":27},"end":{"line":68,"column":28}},"loc":{"start":{"line":68,"column":47},"end":{"line":85,"column":9}}},"8":{"name":"(anonymous_17)","decl":{"start":{"line":69,"column":28},"end":{"line":69,"column":29}},"loc":{"start":{"line":69,"column":63},"end":{"line":84,"column":13}}},"9":{"name":"(anonymous_18)","decl":{"start":{"line":75,"column":53},"end":{"line":75,"column":54}},"loc":{"start":{"line":75,"column":66},"end":{"line":81,"column":17}}},"10":{"name":"(anonymous_19)","decl":{"start":{"line":93,"column":4},"end":{"line":93,"column":17}},"loc":{"start":{"line":93,"column":30},"end":{"line":107,"column":5}}},"11":{"name":"(anonymous_20)","decl":{"start":{"line":94,"column":27},"end":{"line":94,"column":28}},"loc":{"start":{"line":94,"column":47},"end":{"line":106,"column":9}}},"12":{"name":"(anonymous_21)","decl":{"start":{"line":98,"column":32},"end":{"line":98,"column":33}},"loc":{"start":{"line":98,"column":54},"end":{"line":105,"column":13}}},"13":{"name":"(anonymous_22)","decl":{"start":{"line":116,"column":4},"end":{"line":116,"column":15}},"loc":{"start":{"line":116,"column":66},"end":{"line":130,"column":5}}},"14":{"name":"(anonymous_23)","decl":{"start":{"line":117,"column":27},"end":{"line":117,"column":28}},"loc":{"start":{"line":117,"column":47},"end":{"line":129,"column":9}}},"15":{"name":"(anonymous_24)","decl":{"start":{"line":121,"column":32},"end":{"line":121,"column":33}},"loc":{"start":{"line":121,"column":54},"end":{"line":128,"column":13}}},"16":{"name":"(anonymous_25)","decl":{"start":{"line":137,"column":8},"end":{"line":137,"column":34}},"loc":{"start":{"line":137,"column":45},"end":{"line":211,"column":9}}},"17":{"name":"(anonymous_26)","decl":{"start":{"line":141,"column":31},"end":{"line":141,"column":32}},"loc":{"start":{"line":141,"column":51},"end":{"line":210,"column":13}}},"18":{"name":"(anonymous_27)","decl":{"start":{"line":142,"column":36},"end":{"line":142,"column":37}},"loc":{"start":{"line":142,"column":68},"end":{"line":209,"column":17}}},"19":{"name":"(anonymous_28)","decl":{"start":{"line":157,"column":45},"end":{"line":157,"column":46}},"loc":{"start":{"line":157,"column":82},"end":{"line":207,"column":21}}},"20":{"name":"(anonymous_29)","decl":{"start":{"line":185,"column":50},"end":{"line":185,"column":51}},"loc":{"start":{"line":185,"column":92},"end":{"line":204,"column":13}}},"21":{"name":"(anonymous_30)","decl":{"start":{"line":194,"column":51},"end":{"line":194,"column":54}},"loc":{"start":{"line":194,"column":58},"end":{"line":194,"column":81}}},"22":{"name":"(anonymous_31)","decl":{"start":{"line":199,"column":57},"end":{"line":199,"column":58}},"loc":{"start":{"line":199,"column":71},"end":{"line":199,"column":86}}}},"branchMap":{"0":{"loc":{"start":{"line":18,"column":20},"end":{"line":22,"column":null}},"type":"if","locations":[{"start":{"line":18,"column":20},"end":{"line":22,"column":null}},{"start":{"line":20,"column":27},"end":{"line":22,"column":null}}]},"1":{"loc":{"start":{"line":41,"column":16},"end":{"line":44,"column":null}},"type":"if","locations":[{"start":{"line":41,"column":16},"end":{"line":44,"column":null}}]},"2":{"loc":{"start":{"line":46,"column":16},"end":{"line":49,"column":null}},"type":"if","locations":[{"start":{"line":46,"column":16},"end":{"line":49,"column":null}}]},"3":{"loc":{"start":{"line":70,"column":16},"end":{"line":73,"column":null}},"type":"if","locations":[{"start":{"line":70,"column":16},"end":{"line":73,"column":null}}]},"4":{"loc":{"start":{"line":99,"column":16},"end":{"line":102,"column":null}},"type":"if","locations":[{"start":{"line":99,"column":16},"end":{"line":102,"column":null}}]},"5":{"loc":{"start":{"line":122,"column":16},"end":{"line":125,"column":null}},"type":"if","locations":[{"start":{"line":122,"column":16},"end":{"line":125,"column":null}}]},"6":{"loc":{"start":{"line":143,"column":20},"end":{"line":146,"column":null}},"type":"if","locations":[{"start":{"line":143,"column":20},"end":{"line":146,"column":null}}]},"7":{"loc":{"start":{"line":148,"column":20},"end":{"line":151,"column":null}},"type":"if","locations":[{"start":{"line":148,"column":20},"end":{"line":151,"column":null}}]},"8":{"loc":{"start":{"line":158,"column":24},"end":{"line":161,"column":null}},"type":"if","locations":[{"start":{"line":158,"column":24},"end":{"line":161,"column":null}}]},"9":{"loc":{"start":{"line":162,"column":24},"end":{"line":165,"column":null}},"type":"if","locations":[{"start":{"line":162,"column":24},"end":{"line":165,"column":null}}]},"10":{"loc":{"start":{"line":186,"column":20},"end":{"line":189,"column":null}},"type":"if","locations":[{"start":{"line":186,"column":20},"end":{"line":189,"column":null}}]},"11":{"loc":{"start":{"line":190,"column":20},"end":{"line":193,"column":null}},"type":"if","locations":[{"start":{"line":190,"column":20},"end":{"line":193,"column":null}}]},"12":{"loc":{"start":{"line":190,"column":24},"end":{"line":190,"column":64}},"type":"binary-expr","locations":[{"start":{"line":190,"column":24},"end":{"line":190,"column":36}},{"start":{"line":190,"column":40},"end":{"line":190,"column":64}}]}},"s":{"0":3,"1":0,"2":0,"3":0,"4":0,"5":0,"6":0,"7":0,"8":0,"9":0,"10":0,"11":0,"12":0,"13":0,"14":0,"15":0,"16":0,"17":0,"18":0,"19":0,"20":0,"21":0,"22":0,"23":0,"24":0,"25":0,"26":0,"27":0,"28":0,"29":0,"30":0,"31":0,"32":0,"33":0,"34":0,"35":0,"36":0,"37":0,"38":0,"39":0,"40":0,"41":0,"42":0,"43":0,"44":0,"45":0,"46":0,"47":6,"48":6,"49":6,"50":6,"51":6,"52":1,"53":1,"54":5,"55":1,"56":1,"57":4,"58":4,"59":4,"60":4,"61":0,"62":0,"63":4,"64":1,"65":1,"66":3,"67":3,"68":3,"69":3,"70":3,"71":3,"72":1,"73":1,"74":2,"75":1,"76":1,"77":1,"78":2,"79":1,"80":2,"81":1,"82":1,"83":3},"f":{"0":0,"1":0,"2":0,"3":0,"4":0,"5":0,"6":0,"7":0,"8":0,"9":0,"10":0,"11":0,"12":0,"13":0,"14":0,"15":0,"16":6,"17":6,"18":6,"19":4,"20":3,"21":2,"22":2},"b":{"0":[0,0],"1":[0],"2":[0],"3":[0],"4":[0],"5":[0],"6":[1],"7":[1],"8":[0],"9":[1],"10":[1],"11":[1],"12":[2,2]}}
,"C:\\Users\\Matteo\\Desktop\\SE2-Office-Queue-12\\code\\server\\src\\db\\db.ts": {"path":"C:\\Users\\Matteo\\Desktop\\SE2-Office-Queue-12\\code\\server\\src\\db\\db.ts","statementMap":{"0":{"start":{"line":9,"column":15},"end":{"line":9,"column":33}},"1":{"start":{"line":16,"column":10},"end":{"line":16,"column":76}},"2":{"start":{"line":19,"column":19},"end":{"line":19,"column":75}},"3":{"start":{"line":22,"column":21},"end":{"line":25,"column":2}},"4":{"start":{"line":23,"column":4},"end":{"line":23,"column":null}},"5":{"start":{"line":23,"column":13},"end":{"line":23,"column":null}},"6":{"start":{"line":24,"column":4},"end":{"line":24,"column":null}},"7":{"start":{"line":27,"column":0},"end":{"line":27,"column":18}}},"fnMap":{"0":{"name":"(anonymous_0)","decl":{"start":{"line":22,"column":53},"end":{"line":22,"column":54}},"loc":{"start":{"line":22,"column":75},"end":{"line":25,"column":1}}}},"branchMap":{"0":{"loc":{"start":{"line":16,"column":10},"end":{"line":16,"column":76}},"type":"cond-expr","locations":[{"start":{"line":16,"column":33},"end":{"line":16,"column":60}},{"start":{"line":16,"column":63},"end":{"line":16,"column":76}}]},"1":{"loc":{"start":{"line":19,"column":19},"end":{"line":19,"column":75}},"type":"cond-expr","locations":[{"start":{"line":19,"column":36},"end":{"line":19,"column":56}},{"start":{"line":19,"column":59},"end":{"line":19,"column":75}}]},"2":{"loc":{"start":{"line":23,"column":4},"end":{"line":23,"column":null}},"type":"if","locations":[{"start":{"line":23,"column":4},"end":{"line":23,"column":null}}]}},"s":{"0":6,"1":6,"2":6,"3":6,"4":2,"5":0,"6":2,"7":6},"f":{"0":2},"b":{"0":[6,0],"1":[6,0],"2":[0]}}
,"C:\\Users\\Matteo\\Desktop\\SE2-Office-Queue-12\\code\\server\\src\\routers\\counterRoutes.ts": {"path":"C:\\Users\\Matteo\\Desktop\\SE2-Office-Queue-12\\code\\server\\src\\routers\\counterRoutes.ts","statementMap":{"0":{"start":{"line":1,"column":0},"end":{"line":1,"column":41}},"1":{"start":{"line":2,"column":0},"end":{"line":2,"column":36}},"2":{"start":{"line":3,"column":0},"end":{"line":3,"column":59}},"3":{"start":{"line":4,"column":0},"end":{"line":4,"column":65}},"4":{"start":{"line":20,"column":8},"end":{"line":20,"column":null}},"5":{"start":{"line":21,"column":8},"end":{"line":21,"column":null}},"6":{"start":{"line":22,"column":8},"end":{"line":22,"column":null}},"7":{"start":{"line":23,"column":8},"end":{"line":23,"column":null}},"8":{"start":{"line":31,"column":8},"end":{"line":31,"column":null}},"9":{"start":{"line":49,"column":8},"end":{"line":55,"column":null}},"10":{"start":{"line":52,"column":47},"end":{"line":54,"column":47}},"11":{"start":{"line":53,"column":28},"end":{"line":53,"column":49}},"12":{"start":{"line":54,"column":37},"end":{"line":54,"column":46}},"13":{"start":{"line":62,"column":8},"end":{"line":72,"column":null}},"14":{"start":{"line":66,"column":47},"end":{"line":71,"column":18}},"15":{"start":{"line":67,"column":44},"end":{"line":67,"column":73}},"16":{"start":{"line":69,"column":20},"end":{"line":69,"column":null}},"17":{"start":{"line":70,"column":20},"end":{"line":70,"column":null}},"18":{"start":{"line":79,"column":8},"end":{"line":87,"column":null}},"19":{"start":{"line":81,"column":47},"end":{"line":86,"column":18}},"20":{"start":{"line":82,"column":47},"end":{"line":82,"column":77}},"21":{"start":{"line":84,"column":20},"end":{"line":84,"column":null}},"22":{"start":{"line":85,"column":20},"end":{"line":85,"column":null}},"23":{"start":{"line":94,"column":8},"end":{"line":101,"column":null}},"24":{"start":{"line":98,"column":47},"end":{"line":100,"column":47}},"25":{"start":{"line":99,"column":28},"end":{"line":99,"column":49}},"26":{"start":{"line":100,"column":37},"end":{"line":100,"column":46}},"27":{"start":{"line":108,"column":8},"end":{"line":118,"column":null}},"28":{"start":{"line":112,"column":47},"end":{"line":117,"column":18}},"29":{"start":{"line":113,"column":28},"end":{"line":113,"column":50}},"30":{"start":{"line":115,"column":20},"end":{"line":115,"column":null}},"31":{"start":{"line":116,"column":20},"end":{"line":116,"column":null}},"32":{"start":{"line":125,"column":8},"end":{"line":136,"column":null}},"33":{"start":{"line":130,"column":47},"end":{"line":135,"column":18}},"34":{"start":{"line":131,"column":28},"end":{"line":131,"column":50}},"35":{"start":{"line":133,"column":20},"end":{"line":133,"column":null}},"36":{"start":{"line":134,"column":20},"end":{"line":134,"column":null}},"37":{"start":{"line":143,"column":8},"end":{"line":154,"column":null}},"38":{"start":{"line":148,"column":47},"end":{"line":153,"column":18}},"39":{"start":{"line":149,"column":28},"end":{"line":149,"column":50}},"40":{"start":{"line":151,"column":20},"end":{"line":151,"column":null}},"41":{"start":{"line":152,"column":20},"end":{"line":152,"column":null}},"42":{"start":{"line":161,"column":8},"end":{"line":171,"column":null}},"43":{"start":{"line":165,"column":47},"end":{"line":170,"column":18}},"44":{"start":{"line":166,"column":47},"end":{"line":166,"column":77}},"45":{"start":{"line":168,"column":20},"end":{"line":168,"column":null}},"46":{"start":{"line":169,"column":20},"end":{"line":169,"column":null}},"47":{"start":{"line":175,"column":0},"end":{"line":175,"column":null}}},"fnMap":{"0":{"name":"(anonymous_1)","decl":{"start":{"line":19,"column":4},"end":{"line":19,"column":null}},"loc":{"start":{"line":19,"column":4},"end":{"line":24,"column":5}}},"1":{"name":"(anonymous_2)","decl":{"start":{"line":30,"column":4},"end":{"line":30,"column":13}},"loc":{"start":{"line":30,"column":13},"end":{"line":32,"column":5}}},"2":{"name":"(anonymous_3)","decl":{"start":{"line":42,"column":4},"end":{"line":42,"column":14}},"loc":{"start":{"line":42,"column":14},"end":{"line":172,"column":5}}},"3":{"name":"(anonymous_4)","decl":{"start":{"line":52,"column":12},"end":{"line":52,"column":13}},"loc":{"start":{"line":52,"column":47},"end":{"line":54,"column":47}}},"4":{"name":"(anonymous_5)","decl":{"start":{"line":53,"column":22},"end":{"line":53,"column":25}},"loc":{"start":{"line":53,"column":28},"end":{"line":53,"column":49}}},"5":{"name":"(anonymous_6)","decl":{"start":{"line":54,"column":23},"end":{"line":54,"column":24}},"loc":{"start":{"line":54,"column":37},"end":{"line":54,"column":46}}},"6":{"name":"(anonymous_7)","decl":{"start":{"line":66,"column":12},"end":{"line":66,"column":13}},"loc":{"start":{"line":66,"column":47},"end":{"line":71,"column":18}}},"7":{"name":"(anonymous_8)","decl":{"start":{"line":67,"column":22},"end":{"line":67,"column":23}},"loc":{"start":{"line":67,"column":44},"end":{"line":67,"column":73}}},"8":{"name":"(anonymous_9)","decl":{"start":{"line":68,"column":23},"end":{"line":68,"column":24}},"loc":{"start":{"line":68,"column":31},"end":{"line":71,"column":17}}},"9":{"name":"(anonymous_10)","decl":{"start":{"line":81,"column":12},"end":{"line":81,"column":13}},"loc":{"start":{"line":81,"column":47},"end":{"line":86,"column":18}}},"10":{"name":"(anonymous_11)","decl":{"start":{"line":82,"column":22},"end":{"line":82,"column":23}},"loc":{"start":{"line":82,"column":47},"end":{"line":82,"column":77}}},"11":{"name":"(anonymous_12)","decl":{"start":{"line":83,"column":23},"end":{"line":83,"column":24}},"loc":{"start":{"line":83,"column":31},"end":{"line":86,"column":17}}},"12":{"name":"(anonymous_13)","decl":{"start":{"line":98,"column":12},"end":{"line":98,"column":13}},"loc":{"start":{"line":98,"column":47},"end":{"line":100,"column":47}}},"13":{"name":"(anonymous_14)","decl":{"start":{"line":99,"column":22},"end":{"line":99,"column":25}},"loc":{"start":{"line":99,"column":28},"end":{"line":99,"column":49}}},"14":{"name":"(anonymous_15)","decl":{"start":{"line":100,"column":23},"end":{"line":100,"column":24}},"loc":{"start":{"line":100,"column":37},"end":{"line":100,"column":46}}},"15":{"name":"(anonymous_16)","decl":{"start":{"line":112,"column":12},"end":{"line":112,"column":13}},"loc":{"start":{"line":112,"column":47},"end":{"line":117,"column":18}}},"16":{"name":"(anonymous_17)","decl":{"start":{"line":113,"column":22},"end":{"line":113,"column":25}},"loc":{"start":{"line":113,"column":28},"end":{"line":113,"column":50}}},"17":{"name":"(anonymous_18)","decl":{"start":{"line":114,"column":23},"end":{"line":114,"column":24}},"loc":{"start":{"line":114,"column":31},"end":{"line":117,"column":17}}},"18":{"name":"(anonymous_19)","decl":{"start":{"line":130,"column":12},"end":{"line":130,"column":13}},"loc":{"start":{"line":130,"column":47},"end":{"line":135,"column":18}}},"19":{"name":"(anonymous_20)","decl":{"start":{"line":131,"column":22},"end":{"line":131,"column":25}},"loc":{"start":{"line":131,"column":28},"end":{"line":131,"column":50}}},"20":{"name":"(anonymous_21)","decl":{"start":{"line":132,"column":23},"end":{"line":132,"column":24}},"loc":{"start":{"line":132,"column":31},"end":{"line":135,"column":17}}},"21":{"name":"(anonymous_22)","decl":{"start":{"line":148,"column":12},"end":{"line":148,"column":13}},"loc":{"start":{"line":148,"column":47},"end":{"line":153,"column":18}}},"22":{"name":"(anonymous_23)","decl":{"start":{"line":149,"column":22},"end":{"line":149,"column":25}},"loc":{"start":{"line":149,"column":28},"end":{"line":149,"column":50}}},"23":{"name":"(anonymous_24)","decl":{"start":{"line":150,"column":23},"end":{"line":150,"column":24}},"loc":{"start":{"line":150,"column":31},"end":{"line":153,"column":17}}},"24":{"name":"(anonymous_25)","decl":{"start":{"line":165,"column":12},"end":{"line":165,"column":13}},"loc":{"start":{"line":165,"column":47},"end":{"line":170,"column":18}}},"25":{"name":"(anonymous_26)","decl":{"start":{"line":166,"column":22},"end":{"line":166,"column":23}},"loc":{"start":{"line":166,"column":47},"end":{"line":166,"column":77}}},"26":{"name":"(anonymous_27)","decl":{"start":{"line":167,"column":23},"end":{"line":167,"column":24}},"loc":{"start":{"line":167,"column":31},"end":{"line":170,"column":17}}}},"branchMap":{},"s":{"0":1,"1":1,"2":1,"3":1,"4":1,"5":1,"6":1,"7":1,"8":1,"9":1,"10":0,"11":0,"12":0,"13":1,"14":0,"15":0,"16":0,"17":0,"18":1,"19":0,"20":0,"21":0,"22":0,"23":1,"24":0,"25":0,"26":0,"27":1,"28":0,"29":0,"30":0,"31":0,"32":1,"33":0,"34":0,"35":0,"36":0,"37":1,"38":0,"39":0,"40":0,"41":0,"42":1,"43":0,"44":0,"45":0,"46":0,"47":1},"f":{"0":1,"1":1,"2":1,"3":0,"4":0,"5":0,"6":0,"7":0,"8":0,"9":0,"10":0,"11":0,"12":0,"13":0,"14":0,"15":0,"16":0,"17":0,"18":0,"19":0,"20":0,"21":0,"22":0,"23":0,"24":0,"25":0,"26":0},"b":{}}
,"C:\\Users\\Matteo\\Desktop\\SE2-Office-Queue-12\\code\\server\\src\\routers\\serviceRoutes.ts": {"path":"C:\\Users\\Matteo\\Desktop\\SE2-Office-Queue-12\\code\\server\\src\\routers\\serviceRoutes.ts","statementMap":{"0":{"start":{"line":1,"column":0},"end":{"line":1,"column":41}},"1":{"start":{"line":2,"column":0},"end":{"line":2,"column":36}},"2":{"start":{"line":3,"column":0},"end":{"line":3,"column":59}},"3":{"start":{"line":4,"column":0},"end":{"line":4,"column":65}},"4":{"start":{"line":19,"column":8},"end":{"line":19,"column":null}},"5":{"start":{"line":20,"column":8},"end":{"line":20,"column":null}},"6":{"start":{"line":21,"column":8},"end":{"line":21,"column":null}},"7":{"start":{"line":22,"column":8},"end":{"line":22,"column":null}},"8":{"start":{"line":30,"column":8},"end":{"line":30,"column":null}},"9":{"start":{"line":38,"column":8},"end":{"line":51,"column":10}},"10":{"start":{"line":44,"column":16},"end":{"line":49,"column":null}},"11":{"start":{"line":45,"column":20},"end":{"line":45,"column":84}},"12":{"start":{"line":46,"column":20},"end":{"line":46,"column":42}},"13":{"start":{"line":48,"column":20},"end":{"line":48,"column":30}},"14":{"start":{"line":56,"column":8},"end":{"line":69,"column":10}},"15":{"start":{"line":61,"column":16},"end":{"line":67,"column":null}},"16":{"start":{"line":62,"column":20},"end":{"line":64,"column":23}},"17":{"start":{"line":63,"column":24},"end":{"line":63,"column":54}},"18":{"start":{"line":66,"column":20},"end":{"line":66,"column":30}},"19":{"start":{"line":74,"column":8},"end":{"line":86,"column":10}},"20":{"start":{"line":78,"column":16},"end":{"line":84,"column":null}},"21":{"start":{"line":79,"column":20},"end":{"line":81,"column":23}},"22":{"start":{"line":80,"column":24},"end":{"line":80,"column":55}},"23":{"start":{"line":83,"column":20},"end":{"line":83,"column":30}},"24":{"start":{"line":91,"column":8},"end":{"line":104,"column":10}},"25":{"start":{"line":96,"column":16},"end":{"line":102,"column":null}},"26":{"start":{"line":97,"column":20},"end":{"line":99,"column":23}},"27":{"start":{"line":98,"column":24},"end":{"line":98,"column":46}},"28":{"start":{"line":101,"column":20},"end":{"line":101,"column":30}},"29":{"start":{"line":109,"column":8},"end":{"line":124,"column":10}},"30":{"start":{"line":116,"column":16},"end":{"line":122,"column":null}},"31":{"start":{"line":117,"column":20},"end":{"line":119,"column":23}},"32":{"start":{"line":118,"column":24},"end":{"line":118,"column":46}},"33":{"start":{"line":121,"column":20},"end":{"line":121,"column":30}},"34":{"start":{"line":129,"column":8},"end":{"line":142,"column":10}},"35":{"start":{"line":133,"column":52},"end":{"line":141,"column":null}},"36":{"start":{"line":134,"column":16},"end":{"line":140,"column":null}},"37":{"start":{"line":136,"column":40},"end":{"line":136,"column":103}},"38":{"start":{"line":137,"column":20},"end":{"line":137,"column":58}},"39":{"start":{"line":139,"column":20},"end":{"line":139,"column":30}},"40":{"start":{"line":146,"column":0},"end":{"line":146,"column":null}}},"fnMap":{"0":{"name":"(anonymous_8)","decl":{"start":{"line":18,"column":4},"end":{"line":18,"column":null}},"loc":{"start":{"line":18,"column":4},"end":{"line":23,"column":5}}},"1":{"name":"(anonymous_9)","decl":{"start":{"line":29,"column":4},"end":{"line":29,"column":13}},"loc":{"start":{"line":29,"column":13},"end":{"line":31,"column":5}}},"2":{"name":"(anonymous_10)","decl":{"start":{"line":33,"column":4},"end":{"line":33,"column":14}},"loc":{"start":{"line":33,"column":14},"end":{"line":143,"column":5}}},"3":{"name":"(anonymous_11)","decl":{"start":{"line":43,"column":12},"end":{"line":43,"column":13}},"loc":{"start":{"line":43,"column":46},"end":{"line":50,"column":13}}},"4":{"name":"(anonymous_12)","decl":{"start":{"line":60,"column":12},"end":{"line":60,"column":13}},"loc":{"start":{"line":60,"column":46},"end":{"line":68,"column":13}}},"5":{"name":"(anonymous_13)","decl":{"start":{"line":62,"column":67},"end":{"line":62,"column":68}},"loc":{"start":{"line":62,"column":88},"end":{"line":64,"column":21}}},"6":{"name":"(anonymous_14)","decl":{"start":{"line":77,"column":12},"end":{"line":77,"column":13}},"loc":{"start":{"line":77,"column":46},"end":{"line":85,"column":13}}},"7":{"name":"(anonymous_15)","decl":{"start":{"line":79,"column":55},"end":{"line":79,"column":56}},"loc":{"start":{"line":79,"column":79},"end":{"line":81,"column":21}}},"8":{"name":"(anonymous_16)","decl":{"start":{"line":95,"column":12},"end":{"line":95,"column":13}},"loc":{"start":{"line":95,"column":46},"end":{"line":103,"column":13}}},"9":{"name":"(anonymous_17)","decl":{"start":{"line":97,"column":72},"end":{"line":97,"column":75}},"loc":{"start":{"line":97,"column":77},"end":{"line":99,"column":21}}},"10":{"name":"(anonymous_18)","decl":{"start":{"line":115,"column":12},"end":{"line":115,"column":13}},"loc":{"start":{"line":115,"column":46},"end":{"line":123,"column":13}}},"11":{"name":"(anonymous_19)","decl":{"start":{"line":117,"column":110},"end":{"line":117,"column":113}},"loc":{"start":{"line":117,"column":115},"end":{"line":119,"column":21}}},"12":{"name":"(anonymous_20)","decl":{"start":{"line":133,"column":12},"end":{"line":133,"column":19}},"loc":{"start":{"line":133,"column":52},"end":{"line":141,"column":null}}},"13":{"name":"(anonymous_21)","decl":{"start":{"line":133,"column":52},"end":{"line":133,"column":null}},"loc":{"start":{"line":133,"column":52},"end":{"line":141,"column":13}}}},"branchMap":{},"s":{"0":1,"1":1,"2":1,"3":1,"4":1,"5":1,"6":1,"7":1,"8":1,"9":1,"10":0,"11":0,"12":0,"13":0,"14":1,"15":0,"16":0,"17":0,"18":0,"19":1,"20":0,"21":0,"22":0,"23":0,"24":1,"25":0,"26":0,"27":0,"28":0,"29":1,"30":0,"31":0,"32":0,"33":0,"34":1,"35":3,"36":3,"37":3,"38":2,"39":1,"40":1},"f":{"0":1,"1":1,"2":1,"3":0,"4":0,"5":0,"6":0,"7":0,"8":0,"9":0,"10":0,"11":0,"12":3,"13":3},"b":{}}
}
