{"C:\\Users\\stefa\\OneDrive\\Desktop\\Polito\\Software Engineering 2\\SE2-Office-Queue-12\\code\\server\\src\\components\\counter.ts": {"path":"C:\\Users\\stefa\\OneDrive\\Desktop\\Polito\\Software Engineering 2\\SE2-Office-Queue-12\\code\\server\\src\\components\\counter.ts","statementMap":{"0":{"start":{"line":9,"column":8},"end":{"line":9,"column":21}},"1":{"start":{"line":10,"column":8},"end":{"line":10,"column":25}},"2":{"start":{"line":14,"column":9},"end":{"line":14,"column":16}}},"fnMap":{"0":{"name":"(anonymous_0)","decl":{"start":{"line":8,"column":4},"end":{"line":8,"column":16}},"loc":{"start":{"line":8,"column":40},"end":{"line":11,"column":5}}}},"branchMap":{},"s":{"0":5,"1":5,"2":1},"f":{"0":5},"b":{}}
,"C:\\Users\\stefa\\OneDrive\\Desktop\\Polito\\Software Engineering 2\\SE2-Office-Queue-12\\code\\server\\src\\components\\service.ts": {"path":"C:\\Users\\stefa\\OneDrive\\Desktop\\Polito\\Software Engineering 2\\SE2-Office-Queue-12\\code\\server\\src\\components\\service.ts","statementMap":{"0":{"start":{"line":15,"column":8},"end":{"line":15,"column":21}},"1":{"start":{"line":18,"column":8},"end":{"line":18,"column":25}},"2":{"start":{"line":22,"column":8},"end":{"line":22,"column":39}},"3":{"start":{"line":26,"column":9},"end":{"line":26,"column":16}}},"fnMap":{"0":{"name":"(anonymous_0)","decl":{"start":{"line":12,"column":4},"end":{"line":12,"column":16}},"loc":{"start":{"line":12,"column":70},"end":{"line":23,"column":5}}}},"branchMap":{"0":{"loc":{"start":{"line":12,"column":28},"end":{"line":12,"column":45}},"type":"default-arg","locations":[{"start":{"line":12,"column":43},"end":{"line":12,"column":45}}]},"1":{"loc":{"start":{"line":12,"column":47},"end":{"line":12,"column":70}},"type":"default-arg","locations":[{"start":{"line":12,"column":69},"end":{"line":12,"column":70}}]}},"s":{"0":7,"1":7,"2":7,"3":2},"f":{"0":7},"b":{"0":[1],"1":[3]}}
,"C:\\Users\\stefa\\OneDrive\\Desktop\\Polito\\Software Engineering 2\\SE2-Office-Queue-12\\code\\server\\src\\dao\\counterDAO.ts": {"path":"C:\\Users\\stefa\\OneDrive\\Desktop\\Polito\\Software Engineering 2\\SE2-Office-Queue-12\\code\\server\\src\\dao\\counterDAO.ts","statementMap":{"0":{"start":{"line":1,"column":0},"end":{"line":1,"column":26}},"1":{"start":{"line":2,"column":0},"end":{"line":2,"column":46}},"2":{"start":{"line":3,"column":0},"end":{"line":3,"column":48}},"3":{"start":{"line":8,"column":25},"end":{"line":15,"column":3}},"4":{"start":{"line":9,"column":18},"end":{"line":9,"column":28}},"5":{"start":{"line":10,"column":16},"end":{"line":10,"column":56}},"6":{"start":{"line":11,"column":18},"end":{"line":11,"column":63}},"7":{"start":{"line":12,"column":17},"end":{"line":12,"column":36}},"8":{"start":{"line":14,"column":4},"end":{"line":14,"column":37}},"9":{"start":{"line":21,"column":8},"end":{"line":33,"column":11}},"10":{"start":{"line":22,"column":24},"end":{"line":22,"column":60}},"11":{"start":{"line":23,"column":12},"end":{"line":32,"column":15}},"12":{"start":{"line":24,"column":16},"end":{"line":26,"column":null}},"13":{"start":{"line":25,"column":20},"end":{"line":25,"column":39}},"14":{"start":{"line":27,"column":16},"end":{"line":31,"column":null}},"15":{"start":{"line":28,"column":20},"end":{"line":28,"column":56}},"16":{"start":{"line":30,"column":20},"end":{"line":30,"column":66}},"17":{"start":{"line":37,"column":8},"end":{"line":46,"column":11}},"18":{"start":{"line":38,"column":24},"end":{"line":38,"column":47}},"19":{"start":{"line":39,"column":12},"end":{"line":45,"column":15}},"20":{"start":{"line":40,"column":16},"end":{"line":42,"column":null}},"21":{"start":{"line":41,"column":20},"end":{"line":41,"column":39}},"22":{"start":{"line":43,"column":33},"end":{"line":43,"column":80}},"23":{"start":{"line":43,"column":54},"end":{"line":43,"column":79}},"24":{"start":{"line":44,"column":16},"end":{"line":44,"column":41}},"25":{"start":{"line":50,"column":8},"end":{"line":61,"column":11}},"26":{"start":{"line":51,"column":24},"end":{"line":51,"column":58}},"27":{"start":{"line":52,"column":12},"end":{"line":60,"column":15}},"28":{"start":{"line":53,"column":16},"end":{"line":55,"column":null}},"29":{"start":{"line":54,"column":20},"end":{"line":54,"column":39}},"30":{"start":{"line":56,"column":16},"end":{"line":58,"column":null}},"31":{"start":{"line":57,"column":20},"end":{"line":57,"column":37}},"32":{"start":{"line":59,"column":16},"end":{"line":59,"column":52}},"33":{"start":{"line":65,"column":8},"end":{"line":77,"column":11}},"34":{"start":{"line":66,"column":24},"end":{"line":66,"column":61}},"35":{"start":{"line":67,"column":12},"end":{"line":76,"column":15}},"36":{"start":{"line":68,"column":16},"end":{"line":70,"column":null}},"37":{"start":{"line":69,"column":20},"end":{"line":69,"column":39}},"38":{"start":{"line":71,"column":16},"end":{"line":75,"column":null}},"39":{"start":{"line":72,"column":20},"end":{"line":72,"column":65}},"40":{"start":{"line":74,"column":20},"end":{"line":74,"column":30}},"41":{"start":{"line":81,"column":8},"end":{"line":95,"column":11}},"42":{"start":{"line":82,"column":24},"end":{"line":82,"column":66}},"43":{"start":{"line":84,"column":12},"end":{"line":94,"column":15}},"44":{"start":{"line":85,"column":16},"end":{"line":87,"column":null}},"45":{"start":{"line":86,"column":20},"end":{"line":86,"column":39}},"46":{"start":{"line":89,"column":16},"end":{"line":93,"column":null}},"47":{"start":{"line":90,"column":20},"end":{"line":90,"column":37}},"48":{"start":{"line":92,"column":20},"end":{"line":92,"column":69}},"49":{"start":{"line":99,"column":8},"end":{"line":116,"column":11}},"50":{"start":{"line":101,"column":25},"end":{"line":101,"column":43}},"51":{"start":{"line":103,"column":24},"end":{"line":103,"column":97}},"52":{"start":{"line":105,"column":12},"end":{"line":115,"column":15}},"53":{"start":{"line":106,"column":16},"end":{"line":108,"column":null}},"54":{"start":{"line":107,"column":20},"end":{"line":107,"column":39}},"55":{"start":{"line":109,"column":16},"end":{"line":113,"column":null}},"56":{"start":{"line":110,"column":20},"end":{"line":110,"column":72}},"57":{"start":{"line":112,"column":20},"end":{"line":112,"column":37}},"58":{"start":{"line":120,"column":8},"end":{"line":134,"column":11}},"59":{"start":{"line":121,"column":25},"end":{"line":121,"column":43}},"60":{"start":{"line":123,"column":24},"end":{"line":124,"column":76}},"61":{"start":{"line":125,"column":12},"end":{"line":133,"column":15}},"62":{"start":{"line":126,"column":16},"end":{"line":128,"column":null}},"63":{"start":{"line":127,"column":20},"end":{"line":127,"column":39}},"64":{"start":{"line":129,"column":16},"end":{"line":131,"column":null}},"65":{"start":{"line":130,"column":20},"end":{"line":130,"column":37}},"66":{"start":{"line":132,"column":16},"end":{"line":132,"column":67}},"67":{"start":{"line":141,"column":8},"end":{"line":157,"column":11}},"68":{"start":{"line":142,"column":25},"end":{"line":142,"column":43}},"69":{"start":{"line":144,"column":24},"end":{"line":147,"column":76}},"70":{"start":{"line":148,"column":12},"end":{"line":156,"column":15}},"71":{"start":{"line":149,"column":16},"end":{"line":151,"column":null}},"72":{"start":{"line":150,"column":20},"end":{"line":150,"column":39}},"73":{"start":{"line":153,"column":33},"end":{"line":153,"column":95}},"74":{"start":{"line":153,"column":54},"end":{"line":153,"column":94}},"75":{"start":{"line":155,"column":16},"end":{"line":155,"column":41}},"76":{"start":{"line":162,"column":0},"end":{"line":162,"column":26}}},"fnMap":{"0":{"name":"(anonymous_1)","decl":{"start":{"line":8,"column":25},"end":{"line":8,"column":36}},"loc":{"start":{"line":8,"column":38},"end":{"line":15,"column":3}}},"1":{"name":"(anonymous_2)","decl":{"start":{"line":20,"column":4},"end":{"line":20,"column":14}},"loc":{"start":{"line":20,"column":25},"end":{"line":34,"column":5}}},"2":{"name":"(anonymous_3)","decl":{"start":{"line":21,"column":36},"end":{"line":21,"column":37}},"loc":{"start":{"line":21,"column":56},"end":{"line":33,"column":9}}},"3":{"name":"(anonymous_4)","decl":{"start":{"line":23,"column":35},"end":{"line":23,"column":36}},"loc":{"start":{"line":23,"column":48},"end":{"line":32,"column":13}}},"4":{"name":"(anonymous_5)","decl":{"start":{"line":36,"column":4},"end":{"line":36,"column":18}},"loc":{"start":{"line":36,"column":18},"end":{"line":47,"column":5}}},"5":{"name":"(anonymous_6)","decl":{"start":{"line":37,"column":38},"end":{"line":37,"column":39}},"loc":{"start":{"line":37,"column":58},"end":{"line":46,"column":9}}},"6":{"name":"(anonymous_7)","decl":{"start":{"line":39,"column":28},"end":{"line":39,"column":29}},"loc":{"start":{"line":39,"column":42},"end":{"line":45,"column":13}}},"7":{"name":"(anonymous_8)","decl":{"start":{"line":43,"column":42},"end":{"line":43,"column":43}},"loc":{"start":{"line":43,"column":54},"end":{"line":43,"column":79}}},"8":{"name":"(anonymous_9)","decl":{"start":{"line":49,"column":4},"end":{"line":49,"column":17}},"loc":{"start":{"line":49,"column":28},"end":{"line":62,"column":5}}},"9":{"name":"(anonymous_10)","decl":{"start":{"line":50,"column":33},"end":{"line":50,"column":34}},"loc":{"start":{"line":50,"column":53},"end":{"line":61,"column":9}}},"10":{"name":"(anonymous_11)","decl":{"start":{"line":52,"column":30},"end":{"line":52,"column":50}},"loc":{"start":{"line":52,"column":67},"end":{"line":60,"column":13}}},"11":{"name":"(anonymous_12)","decl":{"start":{"line":64,"column":4},"end":{"line":64,"column":14}},"loc":{"start":{"line":64,"column":27},"end":{"line":78,"column":5}}},"12":{"name":"(anonymous_13)","decl":{"start":{"line":65,"column":33},"end":{"line":65,"column":34}},"loc":{"start":{"line":65,"column":53},"end":{"line":77,"column":9}}},"13":{"name":"(anonymous_14)","decl":{"start":{"line":67,"column":32},"end":{"line":67,"column":52}},"loc":{"start":{"line":67,"column":69},"end":{"line":76,"column":13}}},"14":{"name":"(anonymous_15)","decl":{"start":{"line":80,"column":4},"end":{"line":80,"column":15}},"loc":{"start":{"line":80,"column":40},"end":{"line":96,"column":5}}},"15":{"name":"(anonymous_16)","decl":{"start":{"line":81,"column":33},"end":{"line":81,"column":34}},"loc":{"start":{"line":81,"column":53},"end":{"line":95,"column":9}}},"16":{"name":"(anonymous_17)","decl":{"start":{"line":84,"column":36},"end":{"line":84,"column":56}},"loc":{"start":{"line":84,"column":73},"end":{"line":94,"column":13}}},"17":{"name":"(anonymous_18)","decl":{"start":{"line":98,"column":4},"end":{"line":98,"column":21}},"loc":{"start":{"line":98,"column":58},"end":{"line":117,"column":5}}},"18":{"name":"(anonymous_19)","decl":{"start":{"line":99,"column":34},"end":{"line":99,"column":35}},"loc":{"start":{"line":99,"column":54},"end":{"line":116,"column":9}}},"19":{"name":"(anonymous_20)","decl":{"start":{"line":105,"column":54},"end":{"line":105,"column":74}},"loc":{"start":{"line":105,"column":91},"end":{"line":115,"column":13}}},"20":{"name":"(anonymous_21)","decl":{"start":{"line":119,"column":4},"end":{"line":119,"column":24}},"loc":{"start":{"line":119,"column":61},"end":{"line":135,"column":5}}},"21":{"name":"(anonymous_22)","decl":{"start":{"line":120,"column":33},"end":{"line":120,"column":34}},"loc":{"start":{"line":120,"column":53},"end":{"line":134,"column":9}}},"22":{"name":"(anonymous_23)","decl":{"start":{"line":125,"column":54},"end":{"line":125,"column":74}},"loc":{"start":{"line":125,"column":91},"end":{"line":133,"column":13}}},"23":{"name":"(anonymous_24)","decl":{"start":{"line":140,"column":4},"end":{"line":140,"column":33}},"loc":{"start":{"line":140,"column":51},"end":{"line":158,"column":5}}},"24":{"name":"(anonymous_25)","decl":{"start":{"line":141,"column":27},"end":{"line":141,"column":28}},"loc":{"start":{"line":141,"column":47},"end":{"line":157,"column":9}}},"25":{"name":"(anonymous_26)","decl":{"start":{"line":148,"column":43},"end":{"line":148,"column":44}},"loc":{"start":{"line":148,"column":57},"end":{"line":156,"column":13}}},"26":{"name":"(anonymous_27)","decl":{"start":{"line":153,"column":42},"end":{"line":153,"column":43}},"loc":{"start":{"line":153,"column":54},"end":{"line":153,"column":94}}}},"branchMap":{"0":{"loc":{"start":{"line":24,"column":16},"end":{"line":26,"column":null}},"type":"if","locations":[{"start":{"line":24,"column":16},"end":{"line":26,"column":null}}]},"1":{"loc":{"start":{"line":27,"column":16},"end":{"line":31,"column":null}},"type":"if","locations":[{"start":{"line":27,"column":16},"end":{"line":31,"column":null}},{"start":{"line":29,"column":21},"end":{"line":31,"column":null}}]},"2":{"loc":{"start":{"line":40,"column":16},"end":{"line":42,"column":null}},"type":"if","locations":[{"start":{"line":40,"column":16},"end":{"line":42,"column":null}}]},"3":{"loc":{"start":{"line":53,"column":16},"end":{"line":55,"column":null}},"type":"if","locations":[{"start":{"line":53,"column":16},"end":{"line":55,"column":null}}]},"4":{"loc":{"start":{"line":56,"column":16},"end":{"line":58,"column":null}},"type":"if","locations":[{"start":{"line":56,"column":16},"end":{"line":58,"column":null}}]},"5":{"loc":{"start":{"line":68,"column":16},"end":{"line":70,"column":null}},"type":"if","locations":[{"start":{"line":68,"column":16},"end":{"line":70,"column":null}}]},"6":{"loc":{"start":{"line":71,"column":16},"end":{"line":75,"column":null}},"type":"if","locations":[{"start":{"line":71,"column":16},"end":{"line":75,"column":null}},{"start":{"line":73,"column":21},"end":{"line":75,"column":null}}]},"7":{"loc":{"start":{"line":85,"column":16},"end":{"line":87,"column":null}},"type":"if","locations":[{"start":{"line":85,"column":16},"end":{"line":87,"column":null}}]},"8":{"loc":{"start":{"line":89,"column":16},"end":{"line":93,"column":null}},"type":"if","locations":[{"start":{"line":89,"column":16},"end":{"line":93,"column":null}},{"start":{"line":91,"column":21},"end":{"line":93,"column":null}}]},"9":{"loc":{"start":{"line":106,"column":16},"end":{"line":108,"column":null}},"type":"if","locations":[{"start":{"line":106,"column":16},"end":{"line":108,"column":null}}]},"10":{"loc":{"start":{"line":109,"column":16},"end":{"line":113,"column":null}},"type":"if","locations":[{"start":{"line":109,"column":16},"end":{"line":113,"column":null}},{"start":{"line":111,"column":21},"end":{"line":113,"column":null}}]},"11":{"loc":{"start":{"line":126,"column":16},"end":{"line":128,"column":null}},"type":"if","locations":[{"start":{"line":126,"column":16},"end":{"line":128,"column":null}}]},"12":{"loc":{"start":{"line":129,"column":16},"end":{"line":131,"column":null}},"type":"if","locations":[{"start":{"line":129,"column":16},"end":{"line":131,"column":null}}]},"13":{"loc":{"start":{"line":149,"column":16},"end":{"line":151,"column":null}},"type":"if","locations":[{"start":{"line":149,"column":16},"end":{"line":151,"column":null}}]}},"s":{"0":1,"1":1,"2":1,"3":1,"4":9,"5":9,"6":9,"7":9,"8":9,"9":3,"10":3,"11":3,"12":3,"13":1,"14":2,"15":1,"16":1,"17":2,"18":2,"19":2,"20":2,"21":1,"22":1,"23":2,"24":1,"25":3,"26":3,"27":3,"28":3,"29":1,"30":2,"31":1,"32":1,"33":3,"34":3,"35":3,"36":3,"37":1,"38":2,"39":1,"40":1,"41":3,"42":3,"43":3,"44":3,"45":1,"46":2,"47":1,"48":1,"49":3,"50":3,"51":3,"52":3,"53":3,"54":1,"55":2,"56":1,"57":1,"58":3,"59":3,"60":3,"61":3,"62":3,"63":1,"64":2,"65":1,"66":1,"67":3,"68":3,"69":3,"70":3,"71":3,"72":1,"73":2,"74":2,"75":2,"76":1},"f":{"0":9,"1":3,"2":3,"3":3,"4":2,"5":2,"6":2,"7":2,"8":3,"9":3,"10":3,"11":3,"12":3,"13":3,"14":3,"15":3,"16":3,"17":3,"18":3,"19":3,"20":3,"21":3,"22":3,"23":3,"24":3,"25":3,"26":2},"b":{"0":[1],"1":[1,1],"2":[1],"3":[1],"4":[1],"5":[1],"6":[1,1],"7":[1],"8":[1,1],"9":[1],"10":[1,1],"11":[1],"12":[1],"13":[1]}}
,"C:\\Users\\stefa\\OneDrive\\Desktop\\Polito\\Software Engineering 2\\SE2-Office-Queue-12\\code\\server\\src\\dao\\serviceDAO.ts": {"path":"C:\\Users\\stefa\\OneDrive\\Desktop\\Polito\\Software Engineering 2\\SE2-Office-Queue-12\\code\\server\\src\\dao\\serviceDAO.ts","statementMap":{"0":{"start":{"line":1,"column":0},"end":{"line":1,"column":26}},"1":{"start":{"line":12,"column":20},"end":{"line":12,"column":74}},"2":{"start":{"line":13,"column":23},"end":{"line":13,"column":42}},"3":{"start":{"line":15,"column":8},"end":{"line":27,"column":null}},"4":{"start":{"line":16,"column":12},"end":{"line":24,"column":15}},"5":{"start":{"line":17,"column":16},"end":{"line":23,"column":19}},"6":{"start":{"line":18,"column":20},"end":{"line":22,"column":null}},"7":{"start":{"line":19,"column":24},"end":{"line":19,"column":85}},"8":{"start":{"line":21,"column":24},"end":{"line":21,"column":34}},"9":{"start":{"line":26,"column":12},"end":{"line":26,"column":63}},"10":{"start":{"line":36,"column":20},"end":{"line":36,"column":56}},"11":{"start":{"line":37,"column":23},"end":{"line":37,"column":27}},"12":{"start":{"line":39,"column":8},"end":{"line":59,"column":11}},"13":{"start":{"line":40,"column":12},"end":{"line":58,"column":15}},"14":{"start":{"line":41,"column":16},"end":{"line":44,"column":null}},"15":{"start":{"line":42,"column":20},"end":{"line":42,"column":82}},"16":{"start":{"line":43,"column":20},"end":{"line":43,"column":27}},"17":{"start":{"line":46,"column":16},"end":{"line":49,"column":null}},"18":{"start":{"line":47,"column":20},"end":{"line":47,"column":73}},"19":{"start":{"line":48,"column":20},"end":{"line":48,"column":27}},"20":{"start":{"line":51,"column":41},"end":{"line":55,"column":18}},"21":{"start":{"line":57,"column":16},"end":{"line":57,"column":33}},"22":{"start":{"line":67,"column":20},"end":{"line":67,"column":43}},"23":{"start":{"line":68,"column":8},"end":{"line":85,"column":11}},"24":{"start":{"line":69,"column":12},"end":{"line":84,"column":15}},"25":{"start":{"line":70,"column":16},"end":{"line":73,"column":null}},"26":{"start":{"line":71,"column":20},"end":{"line":71,"column":83}},"27":{"start":{"line":72,"column":20},"end":{"line":72,"column":27}},"28":{"start":{"line":75,"column":44},"end":{"line":81,"column":18}},"29":{"start":{"line":76,"column":20},"end":{"line":80,"column":22}},"30":{"start":{"line":83,"column":16},"end":{"line":83,"column":34}},"31":{"start":{"line":94,"column":8},"end":{"line":106,"column":11}},"32":{"start":{"line":95,"column":24},"end":{"line":95,"column":58}},"33":{"start":{"line":96,"column":27},"end":{"line":96,"column":31}},"34":{"start":{"line":98,"column":12},"end":{"line":105,"column":15}},"35":{"start":{"line":99,"column":16},"end":{"line":102,"column":null}},"36":{"start":{"line":100,"column":20},"end":{"line":100,"column":80}},"37":{"start":{"line":101,"column":20},"end":{"line":101,"column":27}},"38":{"start":{"line":104,"column":16},"end":{"line":104,"column":26}},"39":{"start":{"line":117,"column":8},"end":{"line":129,"column":11}},"40":{"start":{"line":118,"column":24},"end":{"line":118,"column":83}},"41":{"start":{"line":119,"column":27},"end":{"line":119,"column":50}},"42":{"start":{"line":121,"column":12},"end":{"line":128,"column":15}},"43":{"start":{"line":122,"column":16},"end":{"line":125,"column":null}},"44":{"start":{"line":123,"column":20},"end":{"line":123,"column":79}},"45":{"start":{"line":124,"column":20},"end":{"line":124,"column":27}},"46":{"start":{"line":127,"column":16},"end":{"line":127,"column":26}},"47":{"start":{"line":133,"column":0},"end":{"line":133,"column":26}}},"fnMap":{"0":{"name":"(anonymous_8)","decl":{"start":{"line":11,"column":10},"end":{"line":11,"column":20}},"loc":{"start":{"line":11,"column":54},"end":{"line":28,"column":null}}},"1":{"name":"(anonymous_10)","decl":{"start":{"line":16,"column":36},"end":{"line":16,"column":37}},"loc":{"start":{"line":16,"column":56},"end":{"line":24,"column":13}}},"2":{"name":"(anonymous_11)","decl":{"start":{"line":17,"column":36},"end":{"line":17,"column":37}},"loc":{"start":{"line":17,"column":44},"end":{"line":23,"column":17}}},"3":{"name":"(anonymous_12)","decl":{"start":{"line":35,"column":4},"end":{"line":35,"column":14}},"loc":{"start":{"line":35,"column":25},"end":{"line":60,"column":5}}},"4":{"name":"(anonymous_13)","decl":{"start":{"line":39,"column":27},"end":{"line":39,"column":28}},"loc":{"start":{"line":39,"column":47},"end":{"line":59,"column":9}}},"5":{"name":"(anonymous_14)","decl":{"start":{"line":40,"column":32},"end":{"line":40,"column":33}},"loc":{"start":{"line":40,"column":64},"end":{"line":58,"column":13}}},"6":{"name":"(anonymous_15)","decl":{"start":{"line":66,"column":4},"end":{"line":66,"column":15}},"loc":{"start":{"line":66,"column":15},"end":{"line":86,"column":5}}},"7":{"name":"(anonymous_16)","decl":{"start":{"line":68,"column":27},"end":{"line":68,"column":28}},"loc":{"start":{"line":68,"column":47},"end":{"line":85,"column":9}}},"8":{"name":"(anonymous_17)","decl":{"start":{"line":69,"column":28},"end":{"line":69,"column":29}},"loc":{"start":{"line":69,"column":63},"end":{"line":84,"column":13}}},"9":{"name":"(anonymous_18)","decl":{"start":{"line":75,"column":53},"end":{"line":75,"column":54}},"loc":{"start":{"line":75,"column":66},"end":{"line":81,"column":17}}},"10":{"name":"(anonymous_19)","decl":{"start":{"line":93,"column":4},"end":{"line":93,"column":17}},"loc":{"start":{"line":93,"column":28},"end":{"line":107,"column":5}}},"11":{"name":"(anonymous_20)","decl":{"start":{"line":94,"column":27},"end":{"line":94,"column":28}},"loc":{"start":{"line":94,"column":47},"end":{"line":106,"column":9}}},"12":{"name":"(anonymous_21)","decl":{"start":{"line":98,"column":32},"end":{"line":98,"column":33}},"loc":{"start":{"line":98,"column":54},"end":{"line":105,"column":13}}},"13":{"name":"(anonymous_22)","decl":{"start":{"line":116,"column":4},"end":{"line":116,"column":15}},"loc":{"start":{"line":116,"column":61},"end":{"line":130,"column":5}}},"14":{"name":"(anonymous_23)","decl":{"start":{"line":117,"column":27},"end":{"line":117,"column":28}},"loc":{"start":{"line":117,"column":47},"end":{"line":129,"column":9}}},"15":{"name":"(anonymous_24)","decl":{"start":{"line":121,"column":32},"end":{"line":121,"column":33}},"loc":{"start":{"line":121,"column":54},"end":{"line":128,"column":13}}}},"branchMap":{"0":{"loc":{"start":{"line":18,"column":20},"end":{"line":22,"column":null}},"type":"if","locations":[{"start":{"line":18,"column":20},"end":{"line":22,"column":null}},{"start":{"line":20,"column":27},"end":{"line":22,"column":null}}]},"1":{"loc":{"start":{"line":41,"column":16},"end":{"line":44,"column":null}},"type":"if","locations":[{"start":{"line":41,"column":16},"end":{"line":44,"column":null}}]},"2":{"loc":{"start":{"line":46,"column":16},"end":{"line":49,"column":null}},"type":"if","locations":[{"start":{"line":46,"column":16},"end":{"line":49,"column":null}}]},"3":{"loc":{"start":{"line":70,"column":16},"end":{"line":73,"column":null}},"type":"if","locations":[{"start":{"line":70,"column":16},"end":{"line":73,"column":null}}]},"4":{"loc":{"start":{"line":99,"column":16},"end":{"line":102,"column":null}},"type":"if","locations":[{"start":{"line":99,"column":16},"end":{"line":102,"column":null}}]},"5":{"loc":{"start":{"line":122,"column":16},"end":{"line":125,"column":null}},"type":"if","locations":[{"start":{"line":122,"column":16},"end":{"line":125,"column":null}}]}},"s":{"0":1,"1":2,"2":2,"3":2,"4":2,"5":2,"6":2,"7":1,"8":1,"9":1,"10":3,"11":3,"12":3,"13":3,"14":3,"15":1,"16":1,"17":2,"18":1,"19":1,"20":1,"21":1,"22":3,"23":3,"24":3,"25":3,"26":1,"27":1,"28":2,"29":2,"30":2,"31":2,"32":2,"33":2,"34":2,"35":2,"36":1,"37":1,"38":1,"39":2,"40":2,"41":2,"42":2,"43":2,"44":1,"45":1,"46":1,"47":1},"f":{"0":2,"1":2,"2":2,"3":3,"4":3,"5":3,"6":3,"7":3,"8":3,"9":2,"10":2,"11":2,"12":2,"13":2,"14":2,"15":2},"b":{"0":[1,1],"1":[1],"2":[1],"3":[1],"4":[1],"5":[1]}}
,"C:\\Users\\stefa\\OneDrive\\Desktop\\Polito\\Software Engineering 2\\SE2-Office-Queue-12\\code\\server\\src\\db\\db.ts": {"path":"C:\\Users\\stefa\\OneDrive\\Desktop\\Polito\\Software Engineering 2\\SE2-Office-Queue-12\\code\\server\\src\\db\\db.ts","statementMap":{"0":{"start":{"line":9,"column":15},"end":{"line":9,"column":33}},"1":{"start":{"line":16,"column":10},"end":{"line":16,"column":76}},"2":{"start":{"line":19,"column":19},"end":{"line":19,"column":75}},"3":{"start":{"line":22,"column":21},"end":{"line":25,"column":2}},"4":{"start":{"line":23,"column":4},"end":{"line":23,"column":null}},"5":{"start":{"line":23,"column":13},"end":{"line":23,"column":null}},"6":{"start":{"line":24,"column":4},"end":{"line":24,"column":null}},"7":{"start":{"line":27,"column":0},"end":{"line":27,"column":18}}},"fnMap":{"0":{"name":"(anonymous_0)","decl":{"start":{"line":22,"column":53},"end":{"line":22,"column":54}},"loc":{"start":{"line":22,"column":75},"end":{"line":25,"column":1}}}},"branchMap":{"0":{"loc":{"start":{"line":16,"column":10},"end":{"line":16,"column":76}},"type":"cond-expr","locations":[{"start":{"line":16,"column":33},"end":{"line":16,"column":60}},{"start":{"line":16,"column":63},"end":{"line":16,"column":76}}]},"1":{"loc":{"start":{"line":19,"column":19},"end":{"line":19,"column":75}},"type":"cond-expr","locations":[{"start":{"line":19,"column":36},"end":{"line":19,"column":56}},{"start":{"line":19,"column":59},"end":{"line":19,"column":75}}]},"2":{"loc":{"start":{"line":23,"column":4},"end":{"line":23,"column":null}},"type":"if","locations":[{"start":{"line":23,"column":4},"end":{"line":23,"column":null}}]}},"s":{"0":2,"1":2,"2":2,"3":2,"4":0,"5":0,"6":0,"7":2},"f":{"0":0},"b":{"0":[2,0],"1":[2,0],"2":[0]}}
}
