TN:
SF:src/components/queue.ts
FN:10,(anonymous_0)
FNF:1
FNH:1
FNDA:8,(anonymous_0)
DA:11,8
DA:12,8
DA:13,8
DA:14,8
DA:18,1
LF:5
LH:5
BRF:0
BRH:0
end_of_record
TN:
SF:src/controllers/queueController.ts
FN:7,(anonymous_8)
FN:11,(anonymous_9)
FN:15,(anonymous_11)
FN:19,(anonymous_13)
FN:23,(anonymous_15)
FNF:5
FNH:5
FNDA:8,(anonymous_8)
FNDA:2,(anonymous_9)
FNDA:2,(anonymous_11)
FNDA:2,(anonymous_13)
FNDA:2,(anonymous_15)
DA:1,1
DA:8,8
DA:12,2
DA:16,2
DA:20,2
DA:24,2
DA:28,1
LF:7
LH:7
BRF:0
BRH:0
end_of_record
TN:
SF:src/dao/queueDAO.ts
FN:5,(anonymous_1)
FN:6,(anonymous_2)
FN:8,(anonymous_3)
FN:20,(anonymous_4)
FN:21,(anonymous_5)
FN:23,(anonymous_6)
FN:32,(anonymous_7)
FN:33,(anonymous_8)
FN:35,(anonymous_9)
FN:41,(anonymous_10)
FN:54,(anonymous_11)
FN:55,(anonymous_12)
FN:57,(anonymous_13)
FNF:13
FNH:13
FNDA:3,(anonymous_1)
FNDA:3,(anonymous_2)
FNDA:3,(anonymous_3)
FNDA:2,(anonymous_4)
FNDA:2,(anonymous_5)
FNDA:2,(anonymous_6)
FNDA:4,(anonymous_7)
FNDA:4,(anonymous_8)
FNDA:4,(anonymous_9)
FNDA:4,(anonymous_10)
FNDA:2,(anonymous_11)
FNDA:2,(anonymous_12)
FNDA:2,(anonymous_13)
DA:1,2
DA:6,3
DA:7,3
DA:8,3
DA:9,3
DA:10,1
DA:12,2
DA:13,1
DA:15,1
DA:21,2
DA:22,2
DA:23,2
DA:24,2
DA:25,1
DA:27,1
DA:33,4
DA:34,4
DA:35,4
DA:36,4
DA:37,1
DA:40,4
DA:41,4
DA:42,4
DA:43,1
DA:45,3
DA:46,1
DA:49,2
DA:55,2
DA:56,2
DA:57,2
DA:58,2
DA:59,1
DA:62,1
DA:68,2
LF:34
LH:34
BRDA:9,0,0,1
BRDA:12,1,0,1
BRDA:24,2,0,1
BRDA:36,3,0,1
BRDA:42,4,0,1
BRDA:45,5,0,1
BRDA:58,6,0,1
BRF:7
BRH:7
end_of_record
TN:
SF:src/db/db.ts
FN:22,(anonymous_0)
FNF:1
FNH:0
FNDA:0,(anonymous_0)
DA:9,2
DA:16,2
DA:19,2
DA:22,2
DA:23,0
DA:24,0
DA:27,2
LF:7
LH:5
BRDA:16,0,0,2
BRDA:16,0,1,0
BRDA:19,1,0,2
BRDA:19,1,1,0
BRDA:23,2,0,0
BRF:5
BRH:2
end_of_record
