TN:
SF:src\components\queue.ts
FN:9,(anonymous_0)
FNF:1
FNH:0
FNDA:0,(anonymous_0)
DA:10,0
DA:11,0
DA:12,0
DA:16,1
LF:4
LH:1
BRF:0
BRH:0
end_of_record
TN:
SF:src\components\ticket.ts
FN:7,(anonymous_0)
FNF:1
FNH:0
FNDA:0,(anonymous_0)
DA:8,0
DA:9,0
DA:10,0
DA:11,0
DA:15,1
LF:5
LH:1
BRF:0
BRH:0
end_of_record
TN:
SF:src\controllers\queueController.ts
FN:13,(anonymous_8)
FN:19,(anonymous_9)
FN:23,(anonymous_11)
FN:27,(anonymous_13)
FN:31,(anonymous_15)
FN:44,(anonymous_17)
FN:76,(anonymous_19)
FN:124,(anonymous_21)
FN:148,(anonymous_23)
FNF:9
FNH:5
FNDA:1,(anonymous_8)
FNDA:1,(anonymous_9)
FNDA:5,(anonymous_11)
FNDA:0,(anonymous_13)
FNDA:0,(anonymous_15)
FNDA:1,(anonymous_17)
FNDA:1,(anonymous_19)
FNDA:0,(anonymous_21)
FNDA:0,(anonymous_23)
DA:1,1
DA:2,1
DA:5,1
DA:14,1
DA:15,1
DA:16,1
DA:20,1
DA:24,5
DA:28,0
DA:32,0
DA:46,1
DA:49,1
DA:51,1
DA:52,1
DA:56,0
DA:59,0
DA:62,0
DA:65,0
DA:77,1
DA:79,0
DA:80,0
DA:83,0
DA:84,0
DA:85,0
DA:86,0
DA:87,0
DA:88,0
DA:89,0
DA:94,0
DA:95,0
DA:99,0
DA:102,0
DA:103,0
DA:104,0
DA:105,0
DA:106,0
DA:107,0
DA:109,0
DA:114,0
DA:126,0
DA:128,0
DA:129,0
DA:131,0
DA:132,0
DA:133,0
DA:134,0
DA:138,0
DA:149,0
DA:154,1
LF:49
LH:14
BRDA:51,0,0,1
BRDA:77,1,0,1
BRDA:84,2,0,0
BRDA:84,2,1,0
BRDA:88,3,0,0
BRDA:88,4,0,0
BRDA:88,4,1,0
BRDA:94,5,0,0
BRDA:104,6,0,0
BRDA:105,7,0,0
BRDA:105,8,0,0
BRDA:105,8,1,0
BRDA:132,9,0,0
BRDA:132,10,0,0
BRDA:132,10,1,0
BRF:15
BRH:2
end_of_record
TN:
SF:src\dao\queueDAO.ts
FN:6,(anonymous_1)
FN:15,(anonymous_2)
FN:24,(anonymous_3)
FN:25,(anonymous_4)
FN:27,(anonymous_5)
FN:39,(anonymous_6)
FN:40,(anonymous_7)
FN:42,(anonymous_8)
FN:51,(anonymous_9)
FN:52,(anonymous_10)
FN:54,(anonymous_11)
FN:60,(anonymous_12)
FN:73,(anonymous_13)
FN:74,(anonymous_14)
FN:76,(anonymous_15)
FN:90,(anonymous_16)
FN:91,(anonymous_17)
FN:97,(anonymous_18)
FN:101,(anonymous_19)
FN:114,(anonymous_20)
FN:116,(anonymous_21)
FN:118,(anonymous_22)
FN:136,(anonymous_23)
FN:138,(anonymous_24)
FN:140,(anonymous_25)
FNF:25
FNH:11
FNDA:1,(anonymous_1)
FNDA:6,(anonymous_2)
FNDA:1,(anonymous_3)
FNDA:1,(anonymous_4)
FNDA:1,(anonymous_5)
FNDA:5,(anonymous_6)
FNDA:5,(anonymous_7)
FNDA:5,(anonymous_8)
FNDA:0,(anonymous_9)
FNDA:0,(anonymous_10)
FNDA:0,(anonymous_11)
FNDA:0,(anonymous_12)
FNDA:0,(anonymous_13)
FNDA:0,(anonymous_14)
FNDA:0,(anonymous_15)
FNDA:1,(anonymous_16)
FNDA:1,(anonymous_17)
FNDA:1,(anonymous_18)
FNDA:0,(anonymous_19)
FNDA:0,(anonymous_20)
FNDA:0,(anonymous_21)
FNDA:0,(anonymous_22)
FNDA:0,(anonymous_23)
FNDA:0,(anonymous_24)
FNDA:0,(anonymous_25)
DA:1,1
DA:2,1
DA:6,1
DA:7,1
DA:8,1
DA:9,1
DA:10,1
DA:12,1
DA:15,1
DA:16,6
DA:17,6
DA:18,6
DA:20,6
DA:25,1
DA:26,1
DA:27,1
DA:28,1
DA:29,0
DA:31,1
DA:32,1
DA:34,0
DA:40,5
DA:41,5
DA:42,5
DA:43,5
DA:44,5
DA:46,0
DA:52,0
DA:53,0
DA:54,0
DA:55,0
DA:56,0
DA:59,0
DA:60,0
DA:61,0
DA:62,0
DA:64,0
DA:65,0
DA:68,0
DA:74,0
DA:75,0
DA:76,0
DA:77,0
DA:78,0
DA:81,0
DA:91,1
DA:92,1
DA:93,1
DA:97,1
DA:98,1
DA:99,0
DA:101,1
DA:102,1
DA:115,0
DA:116,0
DA:117,0
DA:118,0
DA:119,0
DA:120,0
DA:122,0
DA:123,0
DA:125,0
DA:137,0
DA:138,0
DA:139,0
DA:140,0
DA:141,0
DA:142,0
DA:144,0
DA:145,0
DA:147,0
DA:153,1
LF:72
LH:32
BRDA:28,0,0,0
BRDA:31,1,0,1
BRDA:43,2,0,5
BRDA:55,3,0,0
BRDA:61,4,0,0
BRDA:64,5,0,0
BRDA:77,6,0,0
BRDA:98,7,0,0
BRDA:119,8,0,0
BRDA:122,9,0,0
BRDA:141,10,0,0
BRDA:144,11,0,0
BRF:12
BRH:2
end_of_record
TN:
SF:src\dao\serviceDAO.ts
FN:11,(anonymous_8)
FN:16,(anonymous_10)
FN:17,(anonymous_11)
FN:35,(anonymous_12)
FN:39,(anonymous_13)
FN:40,(anonymous_14)
FN:66,(anonymous_15)
FN:68,(anonymous_16)
FN:69,(anonymous_17)
FN:75,(anonymous_18)
FN:93,(anonymous_19)
FN:94,(anonymous_20)
FN:98,(anonymous_21)
FN:116,(anonymous_22)
FN:117,(anonymous_23)
FN:121,(anonymous_24)
FN:137,(anonymous_25)
FN:141,(anonymous_26)
FN:142,(anonymous_27)
FN:157,(anonymous_28)
FN:185,(anonymous_29)
FN:194,(anonymous_30)
FN:199,(anonymous_31)
FNF:23
FNH:3
FNDA:5,(anonymous_8)
FNDA:5,(anonymous_10)
FNDA:5,(anonymous_11)
FNDA:0,(anonymous_12)
FNDA:0,(anonymous_13)
FNDA:0,(anonymous_14)
FNDA:0,(anonymous_15)
FNDA:0,(anonymous_16)
FNDA:0,(anonymous_17)
FNDA:0,(anonymous_18)
FNDA:0,(anonymous_19)
FNDA:0,(anonymous_20)
FNDA:0,(anonymous_21)
FNDA:0,(anonymous_22)
FNDA:0,(anonymous_23)
FNDA:0,(anonymous_24)
FNDA:0,(anonymous_25)
FNDA:0,(anonymous_26)
FNDA:0,(anonymous_27)
FNDA:0,(anonymous_28)
FNDA:0,(anonymous_29)
FNDA:0,(anonymous_30)
FNDA:0,(anonymous_31)
DA:1,1
DA:12,5
DA:13,5
DA:15,5
DA:16,5
DA:17,5
DA:18,5
DA:19,0
DA:21,5
DA:26,0
DA:36,0
DA:37,0
DA:39,0
DA:40,0
DA:41,0
DA:42,0
DA:43,0
DA:46,0
DA:47,0
DA:48,0
DA:51,0
DA:57,0
DA:67,0
DA:68,0
DA:69,0
DA:70,0
DA:71,0
DA:72,0
DA:75,0
DA:76,0
DA:83,0
DA:94,0
DA:95,0
DA:96,0
DA:98,0
DA:99,0
DA:100,0
DA:101,0
DA:104,0
DA:117,0
DA:118,0
DA:119,0
DA:121,0
DA:122,0
DA:123,0
DA:124,0
DA:127,0
DA:138,0
DA:139,0
DA:141,0
DA:142,0
DA:143,0
DA:144,0
DA:145,0
DA:148,0
DA:149,0
DA:150,0
DA:154,0
DA:156,0
DA:157,0
DA:158,0
DA:159,0
DA:160,0
DA:162,0
DA:163,0
DA:164,0
DA:167,0
DA:168,0
DA:171,0
DA:183,0
DA:185,0
DA:186,0
DA:187,0
DA:188,0
DA:190,0
DA:191,0
DA:192,0
DA:194,0
DA:199,0
DA:201,0
DA:202,0
DA:203,0
DA:213,1
LF:83
LH:9
BRDA:18,0,0,0
BRDA:18,0,1,5
BRDA:41,1,0,0
BRDA:46,2,0,0
BRDA:70,3,0,0
BRDA:99,4,0,0
BRDA:122,5,0,0
BRDA:143,6,0,0
BRDA:148,7,0,0
BRDA:158,8,0,0
BRDA:162,9,0,0
BRDA:186,10,0,0
BRDA:190,11,0,0
BRDA:190,12,0,0
BRDA:190,12,1,0
BRF:15
BRH:1
end_of_record
TN:
SF:src\dao\ticketDAO.ts
FN:7,(anonymous_1)
FN:25,(anonymous_2)
FN:26,(anonymous_3)
FN:28,(anonymous_4)
FN:32,(anonymous_5)
FN:46,(anonymous_6)
FN:47,(anonymous_7)
FN:52,(anonymous_8)
FNF:8
FNH:0
FNDA:0,(anonymous_1)
FNDA:0,(anonymous_2)
FNDA:0,(anonymous_3)
FNDA:0,(anonymous_4)
FNDA:0,(anonymous_5)
FNDA:0,(anonymous_6)
FNDA:0,(anonymous_7)
FNDA:0,(anonymous_8)
DA:1,1
DA:2,1
DA:7,1
DA:8,0
DA:9,0
DA:10,0
DA:11,0
DA:13,0
DA:26,0
DA:27,0
DA:28,0
DA:29,0
DA:30,0
DA:32,0
DA:33,0
DA:47,0
DA:48,0
DA:49,0
DA:52,0
DA:53,0
DA:54,0
DA:56,0
DA:57,0
DA:59,0
DA:66,1
LF:25
LH:4
BRDA:29,0,0,0
BRDA:53,1,0,0
BRDA:56,2,0,0
BRF:3
BRH:0
end_of_record
TN:
SF:src\db\cleanup.ts
FN:11,cleanup
FN:12,(anonymous_10)
FN:13,(anonymous_11)
FN:14,(anonymous_12)
FN:17,(anonymous_13)
FN:20,(anonymous_14)
FN:23,(anonymous_15)
FN:26,(anonymous_16)
FN:29,(anonymous_17)
FNF:9
FNH:9
FNDA:7,cleanup
FNDA:7,(anonymous_10)
FNDA:7,(anonymous_11)
FNDA:7,(anonymous_12)
FNDA:7,(anonymous_13)
FNDA:7,(anonymous_14)
FNDA:7,(anonymous_15)
FNDA:7,(anonymous_16)
FNDA:7,(anonymous_17)
DA:3,1
DA:11,1
DA:12,7
DA:13,7
DA:14,7
DA:15,7
DA:17,7
DA:18,7
DA:20,7
DA:21,7
DA:23,7
DA:24,7
DA:26,7
DA:27,7
DA:29,7
DA:30,7
DA:31,7
LF:17
LH:17
BRDA:15,0,0,0
BRDA:18,1,0,0
BRDA:21,2,0,0
BRDA:24,3,0,0
BRDA:27,4,0,0
BRDA:30,5,0,0
BRF:6
BRH:0
end_of_record
TN:
SF:src\db\db.ts
FN:22,(anonymous_0)
FNF:1
FNH:1
FNDA:1,(anonymous_0)
DA:9,1
DA:16,1
DA:19,1
DA:22,1
DA:23,1
DA:24,1
DA:27,1
LF:7
LH:7
BRDA:16,0,0,1
BRDA:16,0,1,0
BRDA:19,1,0,1
BRDA:19,1,1,0
BRDA:23,2,0,0
BRF:5
BRH:2
end_of_record
TN:
SF:src\db\setup.ts
FN:5,setup
FN:6,(anonymous_10)
FN:7,(anonymous_11)
FN:13,(anonymous_12)
FN:22,(anonymous_13)
FN:33,(anonymous_14)
FN:43,(anonymous_15)
FNF:7
FNH:7
FNDA:1,setup
FNDA:1,(anonymous_10)
FNDA:1,(anonymous_11)
FNDA:1,(anonymous_12)
FNDA:1,(anonymous_13)
FNDA:1,(anonymous_14)
FNDA:1,(anonymous_15)
DA:3,1
DA:5,1
DA:6,1
DA:7,1
DA:8,1
DA:14,1
DA:16,1
DA:23,1
DA:25,1
DA:34,1
DA:36,1
DA:44,1
DA:45,1
LF:13
LH:13
BRDA:14,0,0,0
BRDA:23,1,0,0
BRDA:34,2,0,0
BRDA:44,3,0,0
BRF:4
BRH:0
end_of_record
